2020-05-12 16:30:40.881 [info] <0.44.0> Application lager started on node nonode@nohost
2020-05-12 16:30:40.908 [info] <0.44.0> Application xmerl started on node nonode@nohost
2020-05-12 16:30:40.958 [info] <0.44.0> Application sasl started on node nonode@nohost
2020-05-12 16:30:40.982 [info] <0.44.0> Application tools started on node nonode@nohost
2020-05-12 16:30:40.994 [info] <0.44.0> Application jsx started on node nonode@nohost
2020-05-12 16:30:41.046 [info] <0.44.0> Application ranch started on node nonode@nohost
2020-05-12 16:30:41.058 [info] <0.44.0> Application recon started on node nonode@nohost
2020-05-12 16:30:41.338 [info] <0.44.0> Application credentials_obfuscation started on node nonode@nohost
2020-05-12 16:30:41.338 [info] <0.44.0> Application rabbit_common started on node nonode@nohost
2020-05-12 16:30:41.353 [info] <0.44.0> Application amqp_client started on node nonode@nohost
2020-05-12 16:30:41.359 [info] <0.44.0> Application amqp started on node nonode@nohost
2020-05-12 16:30:41.376 [info] <0.44.0> Application poison started on node nonode@nohost
2020-05-12 16:30:41.389 [info] <0.44.0> Application comeonin started on node nonode@nohost
2020-05-12 16:30:41.402 [info] <0.44.0> Application bcrypt_elixir started on node nonode@nohost
2020-05-12 16:30:41.473 [info] <0.44.0> Application unicode_util_compat started on node nonode@nohost
2020-05-12 16:30:41.473 [info] <0.44.0> Application idna started on node nonode@nohost
2020-05-12 16:30:41.490 [info] <0.44.0> Application mimerl started on node nonode@nohost
2020-05-12 16:30:41.502 [info] <0.44.0> Application certifi started on node nonode@nohost
2020-05-12 16:30:41.514 [info] <0.44.0> Application ssl_verify_fun started on node nonode@nohost
2020-05-12 16:30:41.530 [info] <0.44.0> Application metrics started on node nonode@nohost
2020-05-12 16:30:41.557 [info] <0.44.0> Application hackney started on node nonode@nohost
2020-05-12 16:30:41.709 [info] <0.44.0> Application tzdata started on node nonode@nohost
2020-05-12 16:30:41.732 [info] <0.44.0> Application gettext started on node nonode@nohost
2020-05-12 16:30:41.744 [info] <0.44.0> Application combine started on node nonode@nohost
2020-05-12 16:30:41.748 [info] <0.44.0> Application timex started on node nonode@nohost
2020-05-12 16:30:41.762 [info] <0.44.0> Application cowlib started on node nonode@nohost
2020-05-12 16:30:41.797 [info] <0.44.0> Application cowboy started on node nonode@nohost
2020-05-12 16:30:41.819 [info] <0.44.0> Application connection started on node nonode@nohost
2020-05-12 16:30:41.832 [info] <0.44.0> Application decimal started on node nonode@nohost
2020-05-12 16:30:41.856 [info] <0.44.0> Application db_connection started on node nonode@nohost
2020-05-12 16:30:41.880 [info] <0.44.0> Application postgrex started on node nonode@nohost
2020-05-12 16:30:41.906 [info] <0.44.0> Application eex started on node nonode@nohost
2020-05-12 16:30:41.956 [info] <0.44.0> Application telemetry started on node nonode@nohost
2020-05-12 16:30:41.972 [info] <0.44.0> Application ecto started on node nonode@nohost
2020-05-12 16:30:41.974 [info] <0.44.0> Application ecto_sql started on node nonode@nohost
2020-05-12 16:30:42.227 [info] <0.44.0> Application jose started on node nonode@nohost
2020-05-12 16:30:42.227 [info] <0.44.0> Application joken started on node nonode@nohost
2020-05-12 16:30:42.250 [info] <0.44.0> Application mime started on node nonode@nohost
2020-05-12 16:30:42.255 [info] <0.44.0> Application plug_crypto started on node nonode@nohost
2020-05-12 16:30:42.260 [info] <0.44.0> Application plug started on node nonode@nohost
2020-05-12 16:30:42.264 [info] <0.44.0> Application plug_cowboy started on node nonode@nohost
2020-05-12 16:30:42.266 [info] <0.44.0> Application jsonapi started on node nonode@nohost
2020-05-12 16:30:42.269 [info] <0.44.0> Application guardian started on node nonode@nohost
2020-05-12 16:30:42.432 [info] <0.44.0> Application user started on node nonode@nohost
2020-05-12 16:31:29.734 [info] <0.44.0> Application lager started on node nonode@nohost
2020-05-12 16:31:29.762 [info] <0.44.0> Application xmerl started on node nonode@nohost
2020-05-12 16:31:29.810 [info] <0.44.0> Application sasl started on node nonode@nohost
2020-05-12 16:31:29.833 [info] <0.44.0> Application tools started on node nonode@nohost
2020-05-12 16:31:29.844 [info] <0.44.0> Application jsx started on node nonode@nohost
2020-05-12 16:31:29.868 [info] <0.44.0> Application ranch started on node nonode@nohost
2020-05-12 16:31:29.882 [info] <0.44.0> Application recon started on node nonode@nohost
2020-05-12 16:31:30.152 [info] <0.44.0> Application credentials_obfuscation started on node nonode@nohost
2020-05-12 16:31:30.152 [info] <0.44.0> Application rabbit_common started on node nonode@nohost
2020-05-12 16:31:30.164 [info] <0.44.0> Application amqp_client started on node nonode@nohost
2020-05-12 16:31:30.169 [info] <0.44.0> Application amqp started on node nonode@nohost
2020-05-12 16:31:30.183 [info] <0.44.0> Application poison started on node nonode@nohost
2020-05-12 16:31:30.197 [info] <0.44.0> Application comeonin started on node nonode@nohost
2020-05-12 16:31:30.210 [info] <0.44.0> Application bcrypt_elixir started on node nonode@nohost
2020-05-12 16:31:30.277 [info] <0.44.0> Application unicode_util_compat started on node nonode@nohost
2020-05-12 16:31:30.277 [info] <0.44.0> Application idna started on node nonode@nohost
2020-05-12 16:31:30.294 [info] <0.44.0> Application mimerl started on node nonode@nohost
2020-05-12 16:31:30.307 [info] <0.44.0> Application certifi started on node nonode@nohost
2020-05-12 16:31:30.320 [info] <0.44.0> Application ssl_verify_fun started on node nonode@nohost
2020-05-12 16:31:30.338 [info] <0.44.0> Application metrics started on node nonode@nohost
2020-05-12 16:31:30.361 [info] <0.44.0> Application hackney started on node nonode@nohost
2020-05-12 16:31:30.509 [info] <0.44.0> Application tzdata started on node nonode@nohost
2020-05-12 16:31:30.531 [info] <0.44.0> Application gettext started on node nonode@nohost
2020-05-12 16:31:30.544 [info] <0.44.0> Application combine started on node nonode@nohost
2020-05-12 16:31:30.548 [info] <0.44.0> Application timex started on node nonode@nohost
2020-05-12 16:31:30.563 [info] <0.44.0> Application cowlib started on node nonode@nohost
2020-05-12 16:31:30.570 [info] <0.44.0> Application cowboy started on node nonode@nohost
2020-05-12 16:31:30.594 [info] <0.44.0> Application connection started on node nonode@nohost
2020-05-12 16:31:30.607 [info] <0.44.0> Application decimal started on node nonode@nohost
2020-05-12 16:31:30.634 [info] <0.44.0> Application db_connection started on node nonode@nohost
2020-05-12 16:31:30.658 [info] <0.44.0> Application postgrex started on node nonode@nohost
2020-05-12 16:31:30.683 [info] <0.44.0> Application eex started on node nonode@nohost
2020-05-12 16:31:30.709 [info] <0.44.0> Application telemetry started on node nonode@nohost
2020-05-12 16:31:30.727 [info] <0.44.0> Application ecto started on node nonode@nohost
2020-05-12 16:31:30.729 [info] <0.44.0> Application ecto_sql started on node nonode@nohost
2020-05-12 16:31:30.931 [info] <0.44.0> Application jose started on node nonode@nohost
2020-05-12 16:31:30.931 [info] <0.44.0> Application joken started on node nonode@nohost
2020-05-12 16:31:30.957 [info] <0.44.0> Application mime started on node nonode@nohost
2020-05-12 16:31:30.963 [info] <0.44.0> Application plug_crypto started on node nonode@nohost
2020-05-12 16:31:30.969 [info] <0.44.0> Application plug started on node nonode@nohost
2020-05-12 16:31:30.973 [info] <0.44.0> Application plug_cowboy started on node nonode@nohost
2020-05-12 16:31:30.975 [info] <0.44.0> Application jsonapi started on node nonode@nohost
2020-05-12 16:31:30.977 [info] <0.44.0> Application guardian started on node nonode@nohost
2020-05-12 16:31:31.095 [info] <0.44.0> Application user started on node nonode@nohost
2020-05-12 16:32:00.843 [info] <0.44.0> Application lager started on node nonode@nohost
2020-05-12 16:32:00.871 [info] <0.44.0> Application xmerl started on node nonode@nohost
2020-05-12 16:32:00.926 [info] <0.44.0> Application sasl started on node nonode@nohost
2020-05-12 16:32:00.949 [info] <0.44.0> Application tools started on node nonode@nohost
2020-05-12 16:32:00.961 [info] <0.44.0> Application jsx started on node nonode@nohost
2020-05-12 16:32:00.985 [info] <0.44.0> Application ranch started on node nonode@nohost
2020-05-12 16:32:00.998 [info] <0.44.0> Application recon started on node nonode@nohost
2020-05-12 16:32:01.284 [info] <0.44.0> Application credentials_obfuscation started on node nonode@nohost
2020-05-12 16:32:01.284 [info] <0.44.0> Application rabbit_common started on node nonode@nohost
2020-05-12 16:32:01.296 [info] <0.44.0> Application amqp_client started on node nonode@nohost
2020-05-12 16:32:01.302 [info] <0.44.0> Application amqp started on node nonode@nohost
2020-05-12 16:32:01.316 [info] <0.44.0> Application poison started on node nonode@nohost
2020-05-12 16:32:01.329 [info] <0.44.0> Application comeonin started on node nonode@nohost
2020-05-12 16:32:01.341 [info] <0.44.0> Application bcrypt_elixir started on node nonode@nohost
2020-05-12 16:32:01.409 [info] <0.44.0> Application unicode_util_compat started on node nonode@nohost
2020-05-12 16:32:01.409 [info] <0.44.0> Application idna started on node nonode@nohost
2020-05-12 16:32:01.426 [info] <0.44.0> Application mimerl started on node nonode@nohost
2020-05-12 16:32:01.439 [info] <0.44.0> Application certifi started on node nonode@nohost
2020-05-12 16:32:01.451 [info] <0.44.0> Application ssl_verify_fun started on node nonode@nohost
2020-05-12 16:32:01.468 [info] <0.44.0> Application metrics started on node nonode@nohost
2020-05-12 16:32:01.494 [info] <0.44.0> Application hackney started on node nonode@nohost
2020-05-12 16:32:01.646 [info] <0.44.0> Application tzdata started on node nonode@nohost
2020-05-12 16:32:01.669 [info] <0.44.0> Application gettext started on node nonode@nohost
2020-05-12 16:32:01.681 [info] <0.44.0> Application combine started on node nonode@nohost
2020-05-12 16:32:01.686 [info] <0.44.0> Application timex started on node nonode@nohost
2020-05-12 16:32:01.701 [info] <0.44.0> Application cowlib started on node nonode@nohost
2020-05-12 16:32:01.709 [info] <0.44.0> Application cowboy started on node nonode@nohost
2020-05-12 16:32:01.731 [info] <0.44.0> Application connection started on node nonode@nohost
2020-05-12 16:32:01.745 [info] <0.44.0> Application decimal started on node nonode@nohost
2020-05-12 16:32:01.773 [info] <0.44.0> Application db_connection started on node nonode@nohost
2020-05-12 16:32:01.798 [info] <0.44.0> Application postgrex started on node nonode@nohost
2020-05-12 16:32:01.823 [info] <0.44.0> Application eex started on node nonode@nohost
2020-05-12 16:32:01.846 [info] <0.44.0> Application telemetry started on node nonode@nohost
2020-05-12 16:32:01.861 [info] <0.44.0> Application ecto started on node nonode@nohost
2020-05-12 16:32:01.863 [info] <0.44.0> Application ecto_sql started on node nonode@nohost
2020-05-12 16:32:02.038 [info] <0.44.0> Application jose started on node nonode@nohost
2020-05-12 16:32:02.039 [info] <0.44.0> Application joken started on node nonode@nohost
2020-05-12 16:32:02.061 [info] <0.44.0> Application mime started on node nonode@nohost
2020-05-12 16:32:02.066 [info] <0.44.0> Application plug_crypto started on node nonode@nohost
2020-05-12 16:32:02.071 [info] <0.44.0> Application plug started on node nonode@nohost
2020-05-12 16:32:02.075 [info] <0.44.0> Application plug_cowboy started on node nonode@nohost
2020-05-12 16:32:02.077 [info] <0.44.0> Application jsonapi started on node nonode@nohost
2020-05-12 16:32:02.079 [info] <0.44.0> Application guardian started on node nonode@nohost
2020-05-12 16:32:02.162 [info] <0.44.0> Application user started on node nonode@nohost
2020-05-12 16:39:15.295 [error] <0.669.0> CRASH REPORT Process <0.669.0> with 0 neighbours exited with reason: {{{shutdown,{server_initiated_close,406,<<"PRECONDITION_FAILED - inequivalent arg 'x-dead-letter-exchange' for queue 'gen_server_test_queue' in vhost '/': received none but current is the value '' of type 'longstr'">>}},{gen_server,call,[<0.682.0>,{call,{'queue.declare',0,<<"gen_server_test_queue">>,false,true,false,false,false,[]},none,<0.669.0>},60000]}},{'Elixir.User.Plug.Router',call,[#{'__struct__' => 'Elixir.Plug.Conn',adapter => {'Elixir.Plug.Cowboy.Conn',#{bindings => #{},body_length => ...,...}},...},...]}} in 'Elixir.Plug.Cowboy.Handler':exit_on_error/4 line 76 in 'Elixir.Plug.Cowboy.Handler':exit_on_error/4 line 76
2020-05-12 16:39:15.312 [error] <0.669.0> Cowboy stream 1 with ranch listener 'Elixir.User.Plug.Router.HTTP' and connection process <0.668.0> had its request process exit with reason: {{{shutdown,{server_initiated_close,406,<<"PRECONDITION_FAILED - inequivalent arg 'x-dead-letter-exchange' for queue 'gen_server_test_queue' in vhost '/': received none but current is the value '' of type 'longstr'">>}},{gen_server,call,[<0.682.0>,{call,{'queue.declare',0,<<"gen_server_test_queue">>,false,true,false,false,false,[]},none,<0.669.0>},60000]}},{'Elixir.User.Plug.Router',call,[#{'__struct__' => 'Elixir.Plug.Conn',adapter => {'Elixir.Plug.Cowboy.Conn',#{bindings => #{},body_length => ...,...}},...},...]}} in 'Elixir.Plug.Cowboy.Handler':exit_on_error/4 line 76
2020-05-12 16:42:20.522 [error] <0.689.0> CRASH REPORT Process <0.689.0> with 0 neighbours exited with reason: {{{shutdown,{server_initiated_close,406,<<"PRECONDITION_FAILED - inequivalent arg 'x-dead-letter-exchange' for queue 'gen_server_test_queue' in vhost '/': received none but current is the value '' of type 'longstr'">>}},{gen_server,call,[<0.701.0>,{call,{'queue.declare',0,<<"gen_server_test_queue">>,false,true,false,false,false,[]},none,<0.689.0>},60000]}},{'Elixir.User.Plug.Router',call,[#{'__struct__' => 'Elixir.Plug.Conn',adapter => {'Elixir.Plug.Cowboy.Conn',#{bindings => #{},body_length => ...,...}},...},...]}} in 'Elixir.Plug.Cowboy.Handler':exit_on_error/4 line 76 in 'Elixir.Plug.Cowboy.Handler':exit_on_error/4 line 76
2020-05-12 16:42:20.522 [error] <0.689.0> Cowboy stream 1 with ranch listener 'Elixir.User.Plug.Router.HTTP' and connection process <0.688.0> had its request process exit with reason: {{{shutdown,{server_initiated_close,406,<<"PRECONDITION_FAILED - inequivalent arg 'x-dead-letter-exchange' for queue 'gen_server_test_queue' in vhost '/': received none but current is the value '' of type 'longstr'">>}},{gen_server,call,[<0.701.0>,{call,{'queue.declare',0,<<"gen_server_test_queue">>,false,true,false,false,false,[]},none,<0.689.0>},60000]}},{'Elixir.User.Plug.Router',call,[#{'__struct__' => 'Elixir.Plug.Conn',adapter => {'Elixir.Plug.Cowboy.Conn',#{bindings => #{},body_length => ...,...}},...},...]}} in 'Elixir.Plug.Cowboy.Handler':exit_on_error/4 line 76
2020-05-12 16:47:25.839 [info] <0.44.0> Application lager started on node nonode@nohost
2020-05-12 16:47:25.868 [info] <0.44.0> Application xmerl started on node nonode@nohost
2020-05-12 16:47:25.917 [info] <0.44.0> Application sasl started on node nonode@nohost
2020-05-12 16:47:25.949 [info] <0.44.0> Application tools started on node nonode@nohost
2020-05-12 16:47:25.963 [info] <0.44.0> Application jsx started on node nonode@nohost
2020-05-12 16:47:25.987 [info] <0.44.0> Application ranch started on node nonode@nohost
2020-05-12 16:47:25.999 [info] <0.44.0> Application recon started on node nonode@nohost
2020-05-12 16:47:26.261 [info] <0.44.0> Application credentials_obfuscation started on node nonode@nohost
2020-05-12 16:47:26.261 [info] <0.44.0> Application rabbit_common started on node nonode@nohost
2020-05-12 16:47:26.273 [info] <0.44.0> Application amqp_client started on node nonode@nohost
2020-05-12 16:47:26.276 [info] <0.44.0> Application amqp started on node nonode@nohost
2020-05-12 16:47:26.290 [info] <0.44.0> Application poison started on node nonode@nohost
2020-05-12 16:47:26.303 [info] <0.44.0> Application comeonin started on node nonode@nohost
2020-05-12 16:47:26.316 [info] <0.44.0> Application bcrypt_elixir started on node nonode@nohost
2020-05-12 16:47:26.381 [info] <0.44.0> Application unicode_util_compat started on node nonode@nohost
2020-05-12 16:47:26.381 [info] <0.44.0> Application idna started on node nonode@nohost
2020-05-12 16:47:26.397 [info] <0.44.0> Application mimerl started on node nonode@nohost
2020-05-12 16:47:26.408 [info] <0.44.0> Application certifi started on node nonode@nohost
2020-05-12 16:47:26.420 [info] <0.44.0> Application ssl_verify_fun started on node nonode@nohost
2020-05-12 16:47:26.436 [info] <0.44.0> Application metrics started on node nonode@nohost
2020-05-12 16:47:26.457 [info] <0.44.0> Application hackney started on node nonode@nohost
2020-05-12 16:47:26.602 [info] <0.44.0> Application tzdata started on node nonode@nohost
2020-05-12 16:47:26.624 [info] <0.44.0> Application gettext started on node nonode@nohost
2020-05-12 16:47:26.636 [info] <0.44.0> Application combine started on node nonode@nohost
2020-05-12 16:47:26.640 [info] <0.44.0> Application timex started on node nonode@nohost
2020-05-12 16:47:26.655 [info] <0.44.0> Application cowlib started on node nonode@nohost
2020-05-12 16:47:26.661 [info] <0.44.0> Application cowboy started on node nonode@nohost
2020-05-12 16:47:26.683 [info] <0.44.0> Application connection started on node nonode@nohost
2020-05-12 16:47:26.695 [info] <0.44.0> Application decimal started on node nonode@nohost
2020-05-12 16:47:26.720 [info] <0.44.0> Application db_connection started on node nonode@nohost
2020-05-12 16:47:26.743 [info] <0.44.0> Application postgrex started on node nonode@nohost
2020-05-12 16:47:26.768 [info] <0.44.0> Application eex started on node nonode@nohost
2020-05-12 16:47:26.791 [info] <0.44.0> Application telemetry started on node nonode@nohost
2020-05-12 16:47:26.808 [info] <0.44.0> Application ecto started on node nonode@nohost
2020-05-12 16:47:26.810 [info] <0.44.0> Application ecto_sql started on node nonode@nohost
2020-05-12 16:47:27.017 [info] <0.44.0> Application jose started on node nonode@nohost
2020-05-12 16:47:27.017 [info] <0.44.0> Application joken started on node nonode@nohost
2020-05-12 16:47:27.041 [info] <0.44.0> Application mime started on node nonode@nohost
2020-05-12 16:47:27.047 [info] <0.44.0> Application plug_crypto started on node nonode@nohost
2020-05-12 16:47:27.053 [info] <0.44.0> Application plug started on node nonode@nohost
2020-05-12 16:47:27.057 [info] <0.44.0> Application plug_cowboy started on node nonode@nohost
2020-05-12 16:47:27.059 [info] <0.44.0> Application jsonapi started on node nonode@nohost
2020-05-12 16:47:27.061 [info] <0.44.0> Application guardian started on node nonode@nohost
2020-05-12 16:47:27.177 [info] <0.44.0> Application user started on node nonode@nohost
2020-05-12 17:08:00.463 [info] <0.44.0> Application lager started on node nonode@nohost
2020-05-12 17:08:00.492 [info] <0.44.0> Application xmerl started on node nonode@nohost
2020-05-12 17:08:00.542 [info] <0.44.0> Application sasl started on node nonode@nohost
2020-05-12 17:08:00.565 [info] <0.44.0> Application tools started on node nonode@nohost
2020-05-12 17:08:00.579 [info] <0.44.0> Application jsx started on node nonode@nohost
2020-05-12 17:08:00.604 [info] <0.44.0> Application ranch started on node nonode@nohost
2020-05-12 17:08:00.618 [info] <0.44.0> Application recon started on node nonode@nohost
2020-05-12 17:08:00.880 [info] <0.44.0> Application credentials_obfuscation started on node nonode@nohost
2020-05-12 17:08:00.880 [info] <0.44.0> Application rabbit_common started on node nonode@nohost
2020-05-12 17:08:00.892 [info] <0.44.0> Application amqp_client started on node nonode@nohost
2020-05-12 17:08:00.896 [info] <0.44.0> Application amqp started on node nonode@nohost
2020-05-12 17:08:00.910 [info] <0.44.0> Application poison started on node nonode@nohost
2020-05-12 17:08:00.923 [info] <0.44.0> Application comeonin started on node nonode@nohost
2020-05-12 17:08:00.936 [info] <0.44.0> Application bcrypt_elixir started on node nonode@nohost
2020-05-12 17:08:01.004 [info] <0.44.0> Application unicode_util_compat started on node nonode@nohost
2020-05-12 17:08:01.004 [info] <0.44.0> Application idna started on node nonode@nohost
2020-05-12 17:08:01.021 [info] <0.44.0> Application mimerl started on node nonode@nohost
2020-05-12 17:08:01.034 [info] <0.44.0> Application certifi started on node nonode@nohost
2020-05-12 17:08:01.046 [info] <0.44.0> Application ssl_verify_fun started on node nonode@nohost
2020-05-12 17:08:01.063 [info] <0.44.0> Application metrics started on node nonode@nohost
2020-05-12 17:08:01.086 [info] <0.44.0> Application hackney started on node nonode@nohost
2020-05-12 17:08:01.235 [info] <0.44.0> Application tzdata started on node nonode@nohost
2020-05-12 17:08:01.258 [info] <0.44.0> Application gettext started on node nonode@nohost
2020-05-12 17:08:01.270 [info] <0.44.0> Application combine started on node nonode@nohost
2020-05-12 17:08:01.274 [info] <0.44.0> Application timex started on node nonode@nohost
2020-05-12 17:08:01.289 [info] <0.44.0> Application cowlib started on node nonode@nohost
2020-05-12 17:08:01.296 [info] <0.44.0> Application cowboy started on node nonode@nohost
2020-05-12 17:08:01.322 [info] <0.44.0> Application connection started on node nonode@nohost
2020-05-12 17:08:01.335 [info] <0.44.0> Application decimal started on node nonode@nohost
2020-05-12 17:08:01.361 [info] <0.44.0> Application db_connection started on node nonode@nohost
2020-05-12 17:08:01.388 [info] <0.44.0> Application postgrex started on node nonode@nohost
2020-05-12 17:08:01.413 [info] <0.44.0> Application eex started on node nonode@nohost
2020-05-12 17:08:01.435 [info] <0.44.0> Application telemetry started on node nonode@nohost
2020-05-12 17:08:01.451 [info] <0.44.0> Application ecto started on node nonode@nohost
2020-05-12 17:08:01.453 [info] <0.44.0> Application ecto_sql started on node nonode@nohost
2020-05-12 17:08:01.661 [info] <0.44.0> Application jose started on node nonode@nohost
2020-05-12 17:08:01.661 [info] <0.44.0> Application joken started on node nonode@nohost
2020-05-12 17:08:01.685 [info] <0.44.0> Application mime started on node nonode@nohost
2020-05-12 17:08:01.692 [info] <0.44.0> Application plug_crypto started on node nonode@nohost
2020-05-12 17:08:01.698 [info] <0.44.0> Application plug started on node nonode@nohost
2020-05-12 17:08:01.704 [info] <0.44.0> Application plug_cowboy started on node nonode@nohost
2020-05-12 17:08:01.706 [info] <0.44.0> Application jsonapi started on node nonode@nohost
2020-05-12 17:08:01.709 [info] <0.44.0> Application guardian started on node nonode@nohost
2020-05-12 17:08:01.829 [info] <0.44.0> Application user started on node nonode@nohost
2020-05-12 17:08:32.416 [error] <0.582.0>@lists:reverse:147 CRASH REPORT Process <0.582.0> with 0 neighbours crashed with reason: no function clause matching lists:reverse({ok,<<"{\"token\":\"eyJhbGciOiJIUzUxMiIsInR5cCI6IkpXVCJ9.eyJhdWQiOiJhdXRoIiwiZXhwIjoxNTkxODg0NTEyLCJp...">>}) line 147
2020-05-12 17:08:32.417 [error] <0.579.0>@lists:reverse:147 Supervisor {<0.579.0>,amqp_channel_sup} had child writer started with rabbit_writer:start_link(#Port<0.16>, 1, 131072, rabbit_framing_amqp_0_9_1, <0.581.0>, {<<"client 127.0.0.1:64373 -> 127.0.0.1:5672">>,1}, false, 1000000000) at <0.582.0> exit with reason no function clause matching lists:reverse({ok,<<"{\"token\":\"eyJhbGciOiJIUzUxMiIsInR5cCI6IkpXVCJ9.eyJhdWQiOiJhdXRoIiwiZXhwIjoxNTkxODg0NTEyLCJp...">>}) line 147 in context child_terminated
2020-05-12 17:08:32.417 [error] <0.579.0> Supervisor {<0.579.0>,amqp_channel_sup} had child writer started with rabbit_writer:start_link(#Port<0.16>, 1, 131072, rabbit_framing_amqp_0_9_1, <0.581.0>, {<<"client 127.0.0.1:64373 -> 127.0.0.1:5672">>,1}, false, 1000000000) at <0.582.0> exit with reason reached_max_restart_intensity in context shutdown
2020-05-12 17:08:32.433 [error] <0.568.0> CRASH REPORT Process <0.568.0> with 0 neighbours exited with reason: {{#{'__exception__' => true,'__struct__' => 'Elixir.Protocol.UndefinedError',description => <<>>,protocol => 'Elixir.String.Chars',value => {ok,<<"{\"token\":\"eyJhbGciOiJIUzUxMiIsInR5cCI6IkpXVCJ9.eyJhdWQiOiJhdXRoIiwiZXhwIjoxNTkxODg0NTEyLCJpYXQiOjE1ODkyOTI1MTIsImlzcyI6ImF1dGgiLCJqdGkiOiI1NzM3YmY0ZS03MDU0LTRiZTctODZhYy0xMDhmY2Q3ZGU5M2IiLCJuYmYiOjE1ODkyOTI1MTEsInN1YiI6IjMiLCJ0eXAiOiJhY2Nlc3MifQ.DiwNO2RJZyL3znS1qcGKGO0NBzto06132yxpJXF4iEOfKYPSWPWPSs88Yrjoshvkn-ptZLSWLVMhuldBtuXPbA\",\"last_name\":\"p...">>}},...},...} in 'Elixir.Plug.Cowboy.Handler':exit_on_error/4 line 68 in 'Elixir.Plug.Cowboy.Handler':exit_on_error/4 line 68
2020-05-12 17:08:32.441 [error] <0.568.0> Cowboy stream 1 with ranch listener 'Elixir.User.Plug.Router.HTTP' and connection process <0.567.0> had its request process exit with reason: {{#{'__exception__' => true,'__struct__' => 'Elixir.Protocol.UndefinedError',description => <<>>,protocol => 'Elixir.String.Chars',value => {ok,<<"{\"token\":\"eyJhbGciOiJIUzUxMiIsInR5cCI6IkpXVCJ9.eyJhdWQiOiJhdXRoIiwiZXhwIjoxNTkxODg0NTEyLCJpYXQiOjE1ODkyOTI1MTIsImlzcyI6ImF1dGgiLCJqdGkiOiI1NzM3YmY0ZS03MDU0LTRiZTctODZhYy0xMDhmY2Q3ZGU5M2IiLCJuYmYiOjE1ODkyOTI1MTEsInN1YiI6IjMiLCJ0eXAiOiJhY2Nlc3MifQ.DiwNO2RJZyL3znS1qcGKGO0NBzto06132yxpJXF4iEOfKYPSWPWPSs88Yrjoshvkn-ptZLSWLVMhuldBtuXPbA\",\"last_name\":\"p...">>}},...},...} in 'Elixir.Plug.Cowboy.Handler':exit_on_error/4 line 68
2020-05-12 17:12:16.149 [info] <0.44.0> Application lager started on node nonode@nohost
2020-05-12 17:12:16.176 [info] <0.44.0> Application xmerl started on node nonode@nohost
2020-05-12 17:12:16.224 [info] <0.44.0> Application sasl started on node nonode@nohost
2020-05-12 17:12:16.246 [info] <0.44.0> Application tools started on node nonode@nohost
2020-05-12 17:12:16.258 [info] <0.44.0> Application jsx started on node nonode@nohost
2020-05-12 17:12:16.280 [info] <0.44.0> Application ranch started on node nonode@nohost
2020-05-12 17:12:16.294 [info] <0.44.0> Application recon started on node nonode@nohost
2020-05-12 17:12:16.572 [info] <0.44.0> Application credentials_obfuscation started on node nonode@nohost
2020-05-12 17:12:16.572 [info] <0.44.0> Application rabbit_common started on node nonode@nohost
2020-05-12 17:12:16.584 [info] <0.44.0> Application amqp_client started on node nonode@nohost
2020-05-12 17:12:16.588 [info] <0.44.0> Application amqp started on node nonode@nohost
2020-05-12 17:12:16.601 [info] <0.44.0> Application poison started on node nonode@nohost
2020-05-12 17:12:16.613 [info] <0.44.0> Application comeonin started on node nonode@nohost
2020-05-12 17:12:16.625 [info] <0.44.0> Application bcrypt_elixir started on node nonode@nohost
2020-05-12 17:12:16.692 [info] <0.44.0> Application unicode_util_compat started on node nonode@nohost
2020-05-12 17:12:16.692 [info] <0.44.0> Application idna started on node nonode@nohost
2020-05-12 17:12:16.709 [info] <0.44.0> Application mimerl started on node nonode@nohost
2020-05-12 17:12:16.721 [info] <0.44.0> Application certifi started on node nonode@nohost
2020-05-12 17:12:16.733 [info] <0.44.0> Application ssl_verify_fun started on node nonode@nohost
2020-05-12 17:12:16.750 [info] <0.44.0> Application metrics started on node nonode@nohost
2020-05-12 17:12:16.773 [info] <0.44.0> Application hackney started on node nonode@nohost
2020-05-12 17:12:16.920 [info] <0.44.0> Application tzdata started on node nonode@nohost
2020-05-12 17:12:16.943 [info] <0.44.0> Application gettext started on node nonode@nohost
2020-05-12 17:12:16.955 [info] <0.44.0> Application combine started on node nonode@nohost
2020-05-12 17:12:16.960 [info] <0.44.0> Application timex started on node nonode@nohost
2020-05-12 17:12:16.974 [info] <0.44.0> Application cowlib started on node nonode@nohost
2020-05-12 17:12:16.981 [info] <0.44.0> Application cowboy started on node nonode@nohost
2020-05-12 17:12:17.004 [info] <0.44.0> Application connection started on node nonode@nohost
2020-05-12 17:12:17.017 [info] <0.44.0> Application decimal started on node nonode@nohost
2020-05-12 17:12:17.046 [info] <0.44.0> Application db_connection started on node nonode@nohost
2020-05-12 17:12:17.069 [info] <0.44.0> Application postgrex started on node nonode@nohost
2020-05-12 17:12:17.092 [info] <0.44.0> Application eex started on node nonode@nohost
2020-05-12 17:12:17.115 [info] <0.44.0> Application telemetry started on node nonode@nohost
2020-05-12 17:12:17.130 [info] <0.44.0> Application ecto started on node nonode@nohost
2020-05-12 17:12:17.132 [info] <0.44.0> Application ecto_sql started on node nonode@nohost
2020-05-12 17:12:17.320 [info] <0.44.0> Application jose started on node nonode@nohost
2020-05-12 17:12:17.320 [info] <0.44.0> Application joken started on node nonode@nohost
2020-05-12 17:12:17.342 [info] <0.44.0> Application mime started on node nonode@nohost
2020-05-12 17:12:17.347 [info] <0.44.0> Application plug_crypto started on node nonode@nohost
2020-05-12 17:12:17.352 [info] <0.44.0> Application plug started on node nonode@nohost
2020-05-12 17:12:17.356 [info] <0.44.0> Application plug_cowboy started on node nonode@nohost
2020-05-12 17:12:17.358 [info] <0.44.0> Application jsonapi started on node nonode@nohost
2020-05-12 17:12:17.360 [info] <0.44.0> Application guardian started on node nonode@nohost
2020-05-12 17:12:17.451 [info] <0.44.0> Application user started on node nonode@nohost
2020-05-12 17:16:31.005 [info] <0.44.0> Application lager started on node nonode@nohost
2020-05-12 17:16:31.032 [info] <0.44.0> Application xmerl started on node nonode@nohost
2020-05-12 17:16:31.082 [info] <0.44.0> Application sasl started on node nonode@nohost
2020-05-12 17:16:31.105 [info] <0.44.0> Application tools started on node nonode@nohost
2020-05-12 17:16:31.118 [info] <0.44.0> Application jsx started on node nonode@nohost
2020-05-12 17:16:31.140 [info] <0.44.0> Application ranch started on node nonode@nohost
2020-05-12 17:16:31.153 [info] <0.44.0> Application recon started on node nonode@nohost
2020-05-12 17:16:31.418 [info] <0.44.0> Application credentials_obfuscation started on node nonode@nohost
2020-05-12 17:16:31.418 [info] <0.44.0> Application rabbit_common started on node nonode@nohost
2020-05-12 17:16:31.435 [info] <0.44.0> Application amqp_client started on node nonode@nohost
2020-05-12 17:16:31.439 [info] <0.44.0> Application amqp started on node nonode@nohost
2020-05-12 17:16:31.452 [info] <0.44.0> Application poison started on node nonode@nohost
2020-05-12 17:16:31.465 [info] <0.44.0> Application comeonin started on node nonode@nohost
2020-05-12 17:16:31.477 [info] <0.44.0> Application bcrypt_elixir started on node nonode@nohost
2020-05-12 17:16:31.542 [info] <0.44.0> Application unicode_util_compat started on node nonode@nohost
2020-05-12 17:16:31.542 [info] <0.44.0> Application idna started on node nonode@nohost
2020-05-12 17:16:31.560 [info] <0.44.0> Application mimerl started on node nonode@nohost
2020-05-12 17:16:31.572 [info] <0.44.0> Application certifi started on node nonode@nohost
2020-05-12 17:16:31.584 [info] <0.44.0> Application ssl_verify_fun started on node nonode@nohost
2020-05-12 17:16:31.601 [info] <0.44.0> Application metrics started on node nonode@nohost
2020-05-12 17:16:31.623 [info] <0.44.0> Application hackney started on node nonode@nohost
2020-05-12 17:16:31.770 [info] <0.44.0> Application tzdata started on node nonode@nohost
2020-05-12 17:16:31.793 [info] <0.44.0> Application gettext started on node nonode@nohost
2020-05-12 17:16:31.806 [info] <0.44.0> Application combine started on node nonode@nohost
2020-05-12 17:16:31.810 [info] <0.44.0> Application timex started on node nonode@nohost
2020-05-12 17:16:31.825 [info] <0.44.0> Application cowlib started on node nonode@nohost
2020-05-12 17:16:31.831 [info] <0.44.0> Application cowboy started on node nonode@nohost
2020-05-12 17:16:31.854 [info] <0.44.0> Application connection started on node nonode@nohost
2020-05-12 17:16:31.867 [info] <0.44.0> Application decimal started on node nonode@nohost
2020-05-12 17:16:31.893 [info] <0.44.0> Application db_connection started on node nonode@nohost
2020-05-12 17:16:31.917 [info] <0.44.0> Application postgrex started on node nonode@nohost
2020-05-12 17:16:31.942 [info] <0.44.0> Application eex started on node nonode@nohost
2020-05-12 17:16:31.963 [info] <0.44.0> Application telemetry started on node nonode@nohost
2020-05-12 17:16:31.978 [info] <0.44.0> Application ecto started on node nonode@nohost
2020-05-12 17:16:31.980 [info] <0.44.0> Application ecto_sql started on node nonode@nohost
2020-05-12 17:16:32.173 [info] <0.44.0> Application jose started on node nonode@nohost
2020-05-12 17:16:32.174 [info] <0.44.0> Application joken started on node nonode@nohost
2020-05-12 17:16:32.196 [info] <0.44.0> Application mime started on node nonode@nohost
2020-05-12 17:16:32.200 [info] <0.44.0> Application plug_crypto started on node nonode@nohost
2020-05-12 17:16:32.205 [info] <0.44.0> Application plug started on node nonode@nohost
2020-05-12 17:16:32.209 [info] <0.44.0> Application plug_cowboy started on node nonode@nohost
2020-05-12 17:16:32.211 [info] <0.44.0> Application jsonapi started on node nonode@nohost
2020-05-12 17:16:32.213 [info] <0.44.0> Application guardian started on node nonode@nohost
2020-05-12 17:16:32.305 [info] <0.44.0> Application user started on node nonode@nohost
2020-05-12 20:31:20.240 [info] <0.44.0> Application lager started on node nonode@nohost
2020-05-12 20:31:20.301 [info] <0.44.0> Application xmerl started on node nonode@nohost
2020-05-12 20:31:20.370 [info] <0.44.0> Application sasl started on node nonode@nohost
2020-05-12 20:31:20.405 [info] <0.44.0> Application tools started on node nonode@nohost
2020-05-12 20:31:20.424 [info] <0.44.0> Application jsx started on node nonode@nohost
2020-05-12 20:31:20.484 [info] <0.44.0> Application ranch started on node nonode@nohost
2020-05-12 20:31:20.499 [info] <0.44.0> Application recon started on node nonode@nohost
2020-05-12 20:31:20.840 [info] <0.44.0> Application credentials_obfuscation started on node nonode@nohost
2020-05-12 20:31:20.840 [info] <0.44.0> Application rabbit_common started on node nonode@nohost
2020-05-12 20:31:20.887 [info] <0.44.0> Application amqp_client started on node nonode@nohost
2020-05-12 20:31:20.908 [info] <0.44.0> Application amqp started on node nonode@nohost
2020-05-12 20:31:20.922 [info] <0.44.0> Application poison started on node nonode@nohost
2020-05-12 20:31:20.936 [info] <0.44.0> Application comeonin started on node nonode@nohost
2020-05-12 20:31:20.949 [info] <0.44.0> Application bcrypt_elixir started on node nonode@nohost
2020-05-12 20:31:21.025 [info] <0.44.0> Application unicode_util_compat started on node nonode@nohost
2020-05-12 20:31:21.026 [info] <0.44.0> Application idna started on node nonode@nohost
2020-05-12 20:31:21.043 [info] <0.44.0> Application mimerl started on node nonode@nohost
2020-05-12 20:31:21.056 [info] <0.44.0> Application certifi started on node nonode@nohost
2020-05-12 20:31:21.069 [info] <0.44.0> Application ssl_verify_fun started on node nonode@nohost
2020-05-12 20:31:21.091 [info] <0.44.0> Application metrics started on node nonode@nohost
2020-05-12 20:31:21.167 [info] <0.44.0> Application hackney started on node nonode@nohost
2020-05-12 20:31:21.409 [info] <0.44.0> Application tzdata started on node nonode@nohost
2020-05-12 20:31:21.449 [info] <0.44.0> Application gettext started on node nonode@nohost
2020-05-12 20:31:21.461 [info] <0.44.0> Application combine started on node nonode@nohost
2020-05-12 20:31:21.474 [info] <0.44.0> Application timex started on node nonode@nohost
2020-05-12 20:31:21.492 [info] <0.44.0> Application cowlib started on node nonode@nohost
2020-05-12 20:31:21.522 [info] <0.44.0> Application cowboy started on node nonode@nohost
2020-05-12 20:31:21.544 [info] <0.44.0> Application connection started on node nonode@nohost
2020-05-12 20:31:21.558 [info] <0.44.0> Application decimal started on node nonode@nohost
2020-05-12 20:31:21.604 [info] <0.44.0> Application db_connection started on node nonode@nohost
2020-05-12 20:31:21.638 [info] <0.44.0> Application postgrex started on node nonode@nohost
2020-05-12 20:31:21.665 [info] <0.44.0> Application eex started on node nonode@nohost
2020-05-12 20:31:21.704 [info] <0.44.0> Application telemetry started on node nonode@nohost
2020-05-12 20:31:21.728 [info] <0.44.0> Application ecto started on node nonode@nohost
2020-05-12 20:31:21.740 [info] <0.44.0> Application ecto_sql started on node nonode@nohost
2020-05-12 20:31:22.241 [info] <0.44.0> Application jose started on node nonode@nohost
2020-05-12 20:31:22.241 [info] <0.44.0> Application joken started on node nonode@nohost
2020-05-12 20:31:22.282 [info] <0.44.0> Application mime started on node nonode@nohost
2020-05-12 20:31:22.295 [info] <0.44.0> Application plug_crypto started on node nonode@nohost
2020-05-12 20:31:22.319 [info] <0.44.0> Application plug started on node nonode@nohost
2020-05-12 20:31:22.332 [info] <0.44.0> Application plug_cowboy started on node nonode@nohost
2020-05-12 20:31:22.335 [info] <0.44.0> Application jsonapi started on node nonode@nohost
2020-05-12 20:31:22.337 [info] <0.44.0> Application guardian started on node nonode@nohost
2020-05-12 20:31:22.646 [info] <0.44.0> Application user started on node nonode@nohost
2020-05-25 13:27:29.881 [info] <0.44.0> Application lager started on node nonode@nohost
2020-05-25 13:27:29.915 [info] <0.44.0> Application xmerl started on node nonode@nohost
2020-05-25 13:27:29.963 [info] <0.44.0> Application sasl started on node nonode@nohost
2020-05-25 13:27:29.981 [info] <0.44.0> Application tools started on node nonode@nohost
2020-05-25 13:27:29.987 [info] <0.44.0> Application jsx started on node nonode@nohost
2020-05-25 13:27:30.017 [info] <0.44.0> Application ranch started on node nonode@nohost
2020-05-25 13:27:30.025 [info] <0.44.0> Application recon started on node nonode@nohost
2020-05-25 13:27:30.230 [info] <0.44.0> Application credentials_obfuscation started on node nonode@nohost
2020-05-25 13:27:30.230 [info] <0.44.0> Application rabbit_common started on node nonode@nohost
2020-05-25 13:27:30.263 [info] <0.44.0> Application amqp_client started on node nonode@nohost
2020-05-25 13:27:30.266 [info] <0.44.0> Application amqp started on node nonode@nohost
2020-05-25 13:27:30.274 [info] <0.44.0> Application poison started on node nonode@nohost
2020-05-25 13:27:30.281 [info] <0.44.0> Application comeonin started on node nonode@nohost
2020-05-25 13:27:30.288 [info] <0.44.0> Application bcrypt_elixir started on node nonode@nohost
2020-05-25 13:27:30.326 [info] <0.44.0> Application unicode_util_compat started on node nonode@nohost
2020-05-25 13:27:30.326 [info] <0.44.0> Application idna started on node nonode@nohost
2020-05-25 13:27:30.336 [info] <0.44.0> Application mimerl started on node nonode@nohost
2020-05-25 13:27:30.343 [info] <0.44.0> Application certifi started on node nonode@nohost
2020-05-25 13:27:30.350 [info] <0.44.0> Application ssl_verify_fun started on node nonode@nohost
2020-05-25 13:27:30.363 [info] <0.44.0> Application metrics started on node nonode@nohost
2020-05-25 13:27:30.424 [info] <0.44.0> Application hackney started on node nonode@nohost
2020-05-25 13:27:30.542 [info] <0.44.0> Application tzdata started on node nonode@nohost
2020-05-25 13:27:30.557 [info] <0.44.0> Application gettext started on node nonode@nohost
2020-05-25 13:27:30.563 [info] <0.44.0> Application combine started on node nonode@nohost
2020-05-25 13:27:30.566 [info] <0.44.0> Application timex started on node nonode@nohost
2020-05-25 13:27:30.574 [info] <0.44.0> Application cowlib started on node nonode@nohost
2020-05-25 13:27:30.593 [info] <0.44.0> Application cowboy started on node nonode@nohost
2020-05-25 13:27:30.606 [info] <0.44.0> Application connection started on node nonode@nohost
2020-05-25 13:27:30.615 [info] <0.44.0> Application decimal started on node nonode@nohost
2020-05-25 13:27:30.630 [info] <0.44.0> Application db_connection started on node nonode@nohost
2020-05-25 13:27:30.644 [info] <0.44.0> Application postgrex started on node nonode@nohost
2020-05-25 13:27:30.668 [info] <0.44.0> Application eex started on node nonode@nohost
2020-05-25 13:27:30.701 [info] <0.44.0> Application telemetry started on node nonode@nohost
2020-05-25 13:27:30.710 [info] <0.44.0> Application ecto started on node nonode@nohost
2020-05-25 13:27:30.711 [info] <0.44.0> Application ecto_sql started on node nonode@nohost
2020-05-25 13:27:30.899 [info] <0.44.0> Application jose started on node nonode@nohost
2020-05-25 13:27:30.899 [info] <0.44.0> Application joken started on node nonode@nohost
2020-05-25 13:27:30.912 [info] <0.44.0> Application mime started on node nonode@nohost
2020-05-25 13:27:30.916 [info] <0.44.0> Application plug_crypto started on node nonode@nohost
2020-05-25 13:27:30.919 [info] <0.44.0> Application plug started on node nonode@nohost
2020-05-25 13:27:30.922 [info] <0.44.0> Application plug_cowboy started on node nonode@nohost
2020-05-25 13:27:30.923 [info] <0.44.0> Application jsonapi started on node nonode@nohost
2020-05-25 13:27:30.925 [info] <0.44.0> Application guardian started on node nonode@nohost
2020-05-25 13:27:31.027 [info] <0.44.0> Application user started on node nonode@nohost
2020-05-25 16:08:00.718 [info] <0.44.0> Application lager started on node nonode@nohost
2020-05-25 16:08:00.744 [info] <0.44.0> Application xmerl started on node nonode@nohost
2020-05-25 16:08:00.774 [info] <0.44.0> Application sasl started on node nonode@nohost
2020-05-25 16:08:00.787 [info] <0.44.0> Application tools started on node nonode@nohost
2020-05-25 16:08:00.793 [info] <0.44.0> Application jsx started on node nonode@nohost
2020-05-25 16:08:00.820 [info] <0.44.0> Application ranch started on node nonode@nohost
2020-05-25 16:08:00.827 [info] <0.44.0> Application recon started on node nonode@nohost
2020-05-25 16:08:00.987 [info] <0.44.0> Application credentials_obfuscation started on node nonode@nohost
2020-05-25 16:08:00.987 [info] <0.44.0> Application rabbit_common started on node nonode@nohost
2020-05-25 16:08:01.016 [info] <0.44.0> Application amqp_client started on node nonode@nohost
2020-05-25 16:08:01.020 [info] <0.44.0> Application amqp started on node nonode@nohost
2020-05-25 16:08:01.028 [info] <0.44.0> Application poison started on node nonode@nohost
2020-05-25 16:08:01.037 [info] <0.44.0> Application comeonin started on node nonode@nohost
2020-05-25 16:08:01.044 [info] <0.44.0> Application bcrypt_elixir started on node nonode@nohost
2020-05-25 16:08:01.083 [info] <0.44.0> Application unicode_util_compat started on node nonode@nohost
2020-05-25 16:08:01.084 [info] <0.44.0> Application idna started on node nonode@nohost
2020-05-25 16:08:01.093 [info] <0.44.0> Application mimerl started on node nonode@nohost
2020-05-25 16:08:01.100 [info] <0.44.0> Application certifi started on node nonode@nohost
2020-05-25 16:08:01.107 [info] <0.44.0> Application ssl_verify_fun started on node nonode@nohost
2020-05-25 16:08:01.117 [info] <0.44.0> Application metrics started on node nonode@nohost
2020-05-25 16:08:01.164 [info] <0.44.0> Application hackney started on node nonode@nohost
2020-05-25 16:08:01.256 [info] <0.44.0> Application tzdata started on node nonode@nohost
2020-05-25 16:08:01.269 [info] <0.44.0> Application gettext started on node nonode@nohost
2020-05-25 16:08:01.276 [info] <0.44.0> Application combine started on node nonode@nohost
2020-05-25 16:08:01.279 [info] <0.44.0> Application timex started on node nonode@nohost
2020-05-25 16:08:01.287 [info] <0.44.0> Application cowlib started on node nonode@nohost
2020-05-25 16:08:01.303 [info] <0.44.0> Application cowboy started on node nonode@nohost
2020-05-25 16:08:01.316 [info] <0.44.0> Application connection started on node nonode@nohost
2020-05-25 16:08:01.324 [info] <0.44.0> Application decimal started on node nonode@nohost
2020-05-25 16:08:01.339 [info] <0.44.0> Application db_connection started on node nonode@nohost
2020-05-25 16:08:01.354 [info] <0.44.0> Application postgrex started on node nonode@nohost
2020-05-25 16:08:01.368 [info] <0.44.0> Application eex started on node nonode@nohost
2020-05-25 16:08:01.386 [info] <0.44.0> Application telemetry started on node nonode@nohost
2020-05-25 16:08:01.395 [info] <0.44.0> Application ecto started on node nonode@nohost
2020-05-25 16:08:01.396 [info] <0.44.0> Application ecto_sql started on node nonode@nohost
2020-05-25 16:08:01.537 [info] <0.44.0> Application jose started on node nonode@nohost
2020-05-25 16:08:01.537 [info] <0.44.0> Application joken started on node nonode@nohost
2020-05-25 16:08:01.551 [info] <0.44.0> Application mime started on node nonode@nohost
2020-05-25 16:08:01.554 [info] <0.44.0> Application plug_crypto started on node nonode@nohost
2020-05-25 16:08:01.556 [info] <0.44.0> Application plug started on node nonode@nohost
2020-05-25 16:08:01.558 [info] <0.44.0> Application plug_cowboy started on node nonode@nohost
2020-05-25 16:08:01.560 [info] <0.44.0> Application jsonapi started on node nonode@nohost
2020-05-25 16:08:01.561 [info] <0.44.0> Application guardian started on node nonode@nohost
2020-05-25 16:08:01.653 [info] <0.44.0> Application user started on node nonode@nohost
2020-05-25 16:08:27.907 [info] <0.44.0> Application lager started on node nonode@nohost
2020-05-25 16:08:27.922 [info] <0.44.0> Application xmerl started on node nonode@nohost
2020-05-25 16:08:27.951 [info] <0.44.0> Application sasl started on node nonode@nohost
2020-05-25 16:08:27.964 [info] <0.44.0> Application tools started on node nonode@nohost
2020-05-25 16:08:27.971 [info] <0.44.0> Application jsx started on node nonode@nohost
2020-05-25 16:08:27.984 [info] <0.44.0> Application ranch started on node nonode@nohost
2020-05-25 16:08:27.990 [info] <0.44.0> Application recon started on node nonode@nohost
2020-05-25 16:08:28.137 [info] <0.44.0> Application credentials_obfuscation started on node nonode@nohost
2020-05-25 16:08:28.138 [info] <0.44.0> Application rabbit_common started on node nonode@nohost
2020-05-25 16:08:28.146 [info] <0.44.0> Application amqp_client started on node nonode@nohost
2020-05-25 16:08:28.149 [info] <0.44.0> Application amqp started on node nonode@nohost
2020-05-25 16:08:28.157 [info] <0.44.0> Application poison started on node nonode@nohost
2020-05-25 16:08:28.164 [info] <0.44.0> Application comeonin started on node nonode@nohost
2020-05-25 16:08:28.171 [info] <0.44.0> Application bcrypt_elixir started on node nonode@nohost
2020-05-25 16:08:28.208 [info] <0.44.0> Application unicode_util_compat started on node nonode@nohost
2020-05-25 16:08:28.208 [info] <0.44.0> Application idna started on node nonode@nohost
2020-05-25 16:08:28.218 [info] <0.44.0> Application mimerl started on node nonode@nohost
2020-05-25 16:08:28.225 [info] <0.44.0> Application certifi started on node nonode@nohost
2020-05-25 16:08:28.232 [info] <0.44.0> Application ssl_verify_fun started on node nonode@nohost
2020-05-25 16:08:28.241 [info] <0.44.0> Application metrics started on node nonode@nohost
2020-05-25 16:08:28.256 [info] <0.44.0> Application hackney started on node nonode@nohost
2020-05-25 16:08:28.344 [info] <0.44.0> Application tzdata started on node nonode@nohost
2020-05-25 16:08:28.357 [info] <0.44.0> Application gettext started on node nonode@nohost
2020-05-25 16:08:28.364 [info] <0.44.0> Application combine started on node nonode@nohost
2020-05-25 16:08:28.367 [info] <0.44.0> Application timex started on node nonode@nohost
2020-05-25 16:08:28.375 [info] <0.44.0> Application cowlib started on node nonode@nohost
2020-05-25 16:08:28.380 [info] <0.44.0> Application cowboy started on node nonode@nohost
2020-05-25 16:08:28.393 [info] <0.44.0> Application connection started on node nonode@nohost
2020-05-25 16:08:28.400 [info] <0.44.0> Application decimal started on node nonode@nohost
2020-05-25 16:08:28.415 [info] <0.44.0> Application db_connection started on node nonode@nohost
2020-05-25 16:08:28.430 [info] <0.44.0> Application postgrex started on node nonode@nohost
2020-05-25 16:08:28.443 [info] <0.44.0> Application eex started on node nonode@nohost
2020-05-25 16:08:28.457 [info] <0.44.0> Application telemetry started on node nonode@nohost
2020-05-25 16:08:28.465 [info] <0.44.0> Application ecto started on node nonode@nohost
2020-05-25 16:08:28.467 [info] <0.44.0> Application ecto_sql started on node nonode@nohost
2020-05-25 16:08:28.572 [info] <0.44.0> Application jose started on node nonode@nohost
2020-05-25 16:08:28.572 [info] <0.44.0> Application joken started on node nonode@nohost
2020-05-25 16:08:28.585 [info] <0.44.0> Application mime started on node nonode@nohost
2020-05-25 16:08:28.588 [info] <0.44.0> Application plug_crypto started on node nonode@nohost
2020-05-25 16:08:28.591 [info] <0.44.0> Application plug started on node nonode@nohost
2020-05-25 16:08:28.594 [info] <0.44.0> Application plug_cowboy started on node nonode@nohost
2020-05-25 16:08:28.595 [info] <0.44.0> Application jsonapi started on node nonode@nohost
2020-05-25 16:08:28.597 [info] <0.44.0> Application guardian started on node nonode@nohost
2020-05-25 16:08:28.649 [info] <0.44.0> Application user started on node nonode@nohost
2020-05-25 16:16:56.497 [info] <0.44.0> Application lager started on node nonode@nohost
2020-05-25 16:16:56.512 [info] <0.44.0> Application xmerl started on node nonode@nohost
2020-05-25 16:16:56.540 [info] <0.44.0> Application sasl started on node nonode@nohost
2020-05-25 16:16:56.553 [info] <0.44.0> Application tools started on node nonode@nohost
2020-05-25 16:16:56.559 [info] <0.44.0> Application jsx started on node nonode@nohost
2020-05-25 16:16:56.572 [info] <0.44.0> Application ranch started on node nonode@nohost
2020-05-25 16:16:56.579 [info] <0.44.0> Application recon started on node nonode@nohost
2020-05-25 16:16:56.712 [info] <0.44.0> Application credentials_obfuscation started on node nonode@nohost
2020-05-25 16:16:56.712 [info] <0.44.0> Application rabbit_common started on node nonode@nohost
2020-05-25 16:16:56.720 [info] <0.44.0> Application amqp_client started on node nonode@nohost
2020-05-25 16:16:56.722 [info] <0.44.0> Application amqp started on node nonode@nohost
2020-05-25 16:16:56.730 [info] <0.44.0> Application poison started on node nonode@nohost
2020-05-25 16:16:56.737 [info] <0.44.0> Application comeonin started on node nonode@nohost
2020-05-25 16:16:56.744 [info] <0.44.0> Application bcrypt_elixir started on node nonode@nohost
2020-05-25 16:16:56.781 [info] <0.44.0> Application unicode_util_compat started on node nonode@nohost
2020-05-25 16:16:56.781 [info] <0.44.0> Application idna started on node nonode@nohost
2020-05-25 16:16:56.790 [info] <0.44.0> Application mimerl started on node nonode@nohost
2020-05-25 16:16:56.797 [info] <0.44.0> Application certifi started on node nonode@nohost
2020-05-25 16:16:56.804 [info] <0.44.0> Application ssl_verify_fun started on node nonode@nohost
2020-05-25 16:16:56.814 [info] <0.44.0> Application metrics started on node nonode@nohost
2020-05-25 16:16:56.827 [info] <0.44.0> Application hackney started on node nonode@nohost
2020-05-25 16:16:56.913 [info] <0.44.0> Application tzdata started on node nonode@nohost
2020-05-25 16:16:56.927 [info] <0.44.0> Application gettext started on node nonode@nohost
2020-05-25 16:16:56.935 [info] <0.44.0> Application combine started on node nonode@nohost
2020-05-25 16:16:56.939 [info] <0.44.0> Application timex started on node nonode@nohost
2020-05-25 16:16:56.948 [info] <0.44.0> Application cowlib started on node nonode@nohost
2020-05-25 16:16:56.952 [info] <0.44.0> Application cowboy started on node nonode@nohost
2020-05-25 16:16:56.965 [info] <0.44.0> Application connection started on node nonode@nohost
2020-05-25 16:16:56.972 [info] <0.44.0> Application decimal started on node nonode@nohost
2020-05-25 16:16:56.986 [info] <0.44.0> Application db_connection started on node nonode@nohost
2020-05-25 16:16:57.000 [info] <0.44.0> Application postgrex started on node nonode@nohost
2020-05-25 16:16:57.014 [info] <0.44.0> Application eex started on node nonode@nohost
2020-05-25 16:16:57.028 [info] <0.44.0> Application telemetry started on node nonode@nohost
2020-05-25 16:16:57.037 [info] <0.44.0> Application ecto started on node nonode@nohost
2020-05-25 16:16:57.038 [info] <0.44.0> Application ecto_sql started on node nonode@nohost
2020-05-25 16:16:57.152 [info] <0.44.0> Application jose started on node nonode@nohost
2020-05-25 16:16:57.152 [info] <0.44.0> Application joken started on node nonode@nohost
2020-05-25 16:16:57.165 [info] <0.44.0> Application mime started on node nonode@nohost
2020-05-25 16:16:57.168 [info] <0.44.0> Application plug_crypto started on node nonode@nohost
2020-05-25 16:16:57.171 [info] <0.44.0> Application plug started on node nonode@nohost
2020-05-25 16:16:57.174 [info] <0.44.0> Application plug_cowboy started on node nonode@nohost
2020-05-25 16:16:57.175 [info] <0.44.0> Application jsonapi started on node nonode@nohost
2020-05-25 16:16:57.176 [info] <0.44.0> Application guardian started on node nonode@nohost
2020-05-25 16:16:57.240 [info] <0.44.0> Application user started on node nonode@nohost
2020-05-25 16:26:37.848 [info] <0.44.0> Application lager started on node nonode@nohost
2020-05-25 16:26:37.863 [info] <0.44.0> Application xmerl started on node nonode@nohost
2020-05-25 16:26:37.893 [info] <0.44.0> Application sasl started on node nonode@nohost
2020-05-25 16:26:37.906 [info] <0.44.0> Application tools started on node nonode@nohost
2020-05-25 16:26:37.913 [info] <0.44.0> Application jsx started on node nonode@nohost
2020-05-25 16:26:37.925 [info] <0.44.0> Application ranch started on node nonode@nohost
2020-05-25 16:26:37.933 [info] <0.44.0> Application recon started on node nonode@nohost
2020-05-25 16:26:38.070 [info] <0.44.0> Application credentials_obfuscation started on node nonode@nohost
2020-05-25 16:26:38.070 [info] <0.44.0> Application rabbit_common started on node nonode@nohost
2020-05-25 16:26:38.076 [info] <0.44.0> Application amqp_client started on node nonode@nohost
2020-05-25 16:26:38.078 [info] <0.44.0> Application amqp started on node nonode@nohost
2020-05-25 16:26:38.085 [info] <0.44.0> Application poison started on node nonode@nohost
2020-05-25 16:26:38.092 [info] <0.44.0> Application comeonin started on node nonode@nohost
2020-05-25 16:26:38.099 [info] <0.44.0> Application bcrypt_elixir started on node nonode@nohost
2020-05-25 16:26:38.136 [info] <0.44.0> Application unicode_util_compat started on node nonode@nohost
2020-05-25 16:26:38.136 [info] <0.44.0> Application idna started on node nonode@nohost
2020-05-25 16:26:38.145 [info] <0.44.0> Application mimerl started on node nonode@nohost
2020-05-25 16:26:38.152 [info] <0.44.0> Application certifi started on node nonode@nohost
2020-05-25 16:26:38.159 [info] <0.44.0> Application ssl_verify_fun started on node nonode@nohost
2020-05-25 16:26:38.169 [info] <0.44.0> Application metrics started on node nonode@nohost
2020-05-25 16:26:38.183 [info] <0.44.0> Application hackney started on node nonode@nohost
2020-05-25 16:26:38.268 [info] <0.44.0> Application tzdata started on node nonode@nohost
2020-05-25 16:26:38.281 [info] <0.44.0> Application gettext started on node nonode@nohost
2020-05-25 16:26:38.289 [info] <0.44.0> Application combine started on node nonode@nohost
2020-05-25 16:26:38.291 [info] <0.44.0> Application timex started on node nonode@nohost
2020-05-25 16:26:38.304 [info] <0.44.0> Application cowlib started on node nonode@nohost
2020-05-25 16:26:38.308 [info] <0.44.0> Application cowboy started on node nonode@nohost
2020-05-25 16:26:38.321 [info] <0.44.0> Application connection started on node nonode@nohost
2020-05-25 16:26:38.329 [info] <0.44.0> Application decimal started on node nonode@nohost
2020-05-25 16:26:38.344 [info] <0.44.0> Application db_connection started on node nonode@nohost
2020-05-25 16:26:38.357 [info] <0.44.0> Application postgrex started on node nonode@nohost
2020-05-25 16:26:38.371 [info] <0.44.0> Application eex started on node nonode@nohost
2020-05-25 16:26:38.384 [info] <0.44.0> Application telemetry started on node nonode@nohost
2020-05-25 16:26:38.393 [info] <0.44.0> Application ecto started on node nonode@nohost
2020-05-25 16:26:38.394 [info] <0.44.0> Application ecto_sql started on node nonode@nohost
2020-05-25 16:26:38.502 [info] <0.44.0> Application jose started on node nonode@nohost
2020-05-25 16:26:38.502 [info] <0.44.0> Application joken started on node nonode@nohost
2020-05-25 16:26:38.515 [info] <0.44.0> Application mime started on node nonode@nohost
2020-05-25 16:26:38.518 [info] <0.44.0> Application plug_crypto started on node nonode@nohost
2020-05-25 16:26:38.521 [info] <0.44.0> Application plug started on node nonode@nohost
2020-05-25 16:26:38.524 [info] <0.44.0> Application plug_cowboy started on node nonode@nohost
2020-05-25 16:26:38.525 [info] <0.44.0> Application jsonapi started on node nonode@nohost
2020-05-25 16:26:38.526 [info] <0.44.0> Application guardian started on node nonode@nohost
2020-05-25 16:26:38.580 [info] <0.44.0> Application user started on node nonode@nohost
2020-05-25 16:55:30.414 [info] <0.44.0> Application lager started on node nonode@nohost
2020-05-25 16:55:30.429 [info] <0.44.0> Application xmerl started on node nonode@nohost
2020-05-25 16:55:30.461 [info] <0.44.0> Application sasl started on node nonode@nohost
2020-05-25 16:55:30.474 [info] <0.44.0> Application tools started on node nonode@nohost
2020-05-25 16:55:30.481 [info] <0.44.0> Application jsx started on node nonode@nohost
2020-05-25 16:55:30.494 [info] <0.44.0> Application ranch started on node nonode@nohost
2020-05-25 16:55:30.501 [info] <0.44.0> Application recon started on node nonode@nohost
2020-05-25 16:55:30.641 [info] <0.44.0> Application credentials_obfuscation started on node nonode@nohost
2020-05-25 16:55:30.641 [info] <0.44.0> Application rabbit_common started on node nonode@nohost
2020-05-25 16:55:30.649 [info] <0.44.0> Application amqp_client started on node nonode@nohost
2020-05-25 16:55:30.652 [info] <0.44.0> Application amqp started on node nonode@nohost
2020-05-25 16:55:30.659 [info] <0.44.0> Application poison started on node nonode@nohost
2020-05-25 16:55:30.667 [info] <0.44.0> Application comeonin started on node nonode@nohost
2020-05-25 16:55:30.673 [info] <0.44.0> Application bcrypt_elixir started on node nonode@nohost
2020-05-25 16:55:30.713 [info] <0.44.0> Application unicode_util_compat started on node nonode@nohost
2020-05-25 16:55:30.713 [info] <0.44.0> Application idna started on node nonode@nohost
2020-05-25 16:55:30.722 [info] <0.44.0> Application mimerl started on node nonode@nohost
2020-05-25 16:55:30.729 [info] <0.44.0> Application certifi started on node nonode@nohost
2020-05-25 16:55:30.736 [info] <0.44.0> Application ssl_verify_fun started on node nonode@nohost
2020-05-25 16:55:30.745 [info] <0.44.0> Application metrics started on node nonode@nohost
2020-05-25 16:55:30.759 [info] <0.44.0> Application hackney started on node nonode@nohost
2020-05-25 16:55:30.849 [info] <0.44.0> Application tzdata started on node nonode@nohost
2020-05-25 16:55:30.862 [info] <0.44.0> Application gettext started on node nonode@nohost
2020-05-25 16:55:30.870 [info] <0.44.0> Application combine started on node nonode@nohost
2020-05-25 16:55:30.872 [info] <0.44.0> Application timex started on node nonode@nohost
2020-05-25 16:55:30.880 [info] <0.44.0> Application cowlib started on node nonode@nohost
2020-05-25 16:55:30.885 [info] <0.44.0> Application cowboy started on node nonode@nohost
2020-05-25 16:55:30.898 [info] <0.44.0> Application connection started on node nonode@nohost
2020-05-25 16:55:30.905 [info] <0.44.0> Application decimal started on node nonode@nohost
2020-05-25 16:55:30.920 [info] <0.44.0> Application db_connection started on node nonode@nohost
2020-05-25 16:55:30.934 [info] <0.44.0> Application postgrex started on node nonode@nohost
2020-05-25 16:55:30.947 [info] <0.44.0> Application eex started on node nonode@nohost
2020-05-25 16:55:30.960 [info] <0.44.0> Application telemetry started on node nonode@nohost
2020-05-25 16:55:30.968 [info] <0.44.0> Application ecto started on node nonode@nohost
2020-05-25 16:55:30.970 [info] <0.44.0> Application ecto_sql started on node nonode@nohost
2020-05-25 16:55:31.082 [info] <0.44.0> Application jose started on node nonode@nohost
2020-05-25 16:55:31.082 [info] <0.44.0> Application joken started on node nonode@nohost
2020-05-25 16:55:31.095 [info] <0.44.0> Application mime started on node nonode@nohost
2020-05-25 16:55:31.098 [info] <0.44.0> Application plug_crypto started on node nonode@nohost
2020-05-25 16:55:31.102 [info] <0.44.0> Application plug started on node nonode@nohost
2020-05-25 16:55:31.105 [info] <0.44.0> Application plug_cowboy started on node nonode@nohost
2020-05-25 16:55:31.106 [info] <0.44.0> Application jsonapi started on node nonode@nohost
2020-05-25 16:55:31.107 [info] <0.44.0> Application guardian started on node nonode@nohost
2020-05-25 16:55:31.168 [info] <0.44.0> Application user started on node nonode@nohost
2020-05-25 18:10:50.702 [info] <0.44.0> Application lager started on node nonode@nohost
2020-05-25 18:10:50.717 [info] <0.44.0> Application xmerl started on node nonode@nohost
2020-05-25 18:10:50.746 [info] <0.44.0> Application sasl started on node nonode@nohost
2020-05-25 18:10:50.760 [info] <0.44.0> Application tools started on node nonode@nohost
2020-05-25 18:10:50.767 [info] <0.44.0> Application jsx started on node nonode@nohost
2020-05-25 18:10:50.781 [info] <0.44.0> Application ranch started on node nonode@nohost
2020-05-25 18:10:50.788 [info] <0.44.0> Application recon started on node nonode@nohost
2020-05-25 18:10:50.926 [info] <0.44.0> Application credentials_obfuscation started on node nonode@nohost
2020-05-25 18:10:50.926 [info] <0.44.0> Application rabbit_common started on node nonode@nohost
2020-05-25 18:10:50.933 [info] <0.44.0> Application amqp_client started on node nonode@nohost
2020-05-25 18:10:50.935 [info] <0.44.0> Application amqp started on node nonode@nohost
2020-05-25 18:10:50.943 [info] <0.44.0> Application poison started on node nonode@nohost
2020-05-25 18:10:50.951 [info] <0.44.0> Application comeonin started on node nonode@nohost
2020-05-25 18:10:50.958 [info] <0.44.0> Application bcrypt_elixir started on node nonode@nohost
2020-05-25 18:10:50.996 [info] <0.44.0> Application unicode_util_compat started on node nonode@nohost
2020-05-25 18:10:50.996 [info] <0.44.0> Application idna started on node nonode@nohost
2020-05-25 18:10:51.005 [info] <0.44.0> Application mimerl started on node nonode@nohost
2020-05-25 18:10:51.012 [info] <0.44.0> Application certifi started on node nonode@nohost
2020-05-25 18:10:51.020 [info] <0.44.0> Application ssl_verify_fun started on node nonode@nohost
2020-05-25 18:10:51.030 [info] <0.44.0> Application metrics started on node nonode@nohost
2020-05-25 18:10:51.045 [info] <0.44.0> Application hackney started on node nonode@nohost
2020-05-25 18:10:51.131 [info] <0.44.0> Application tzdata started on node nonode@nohost
2020-05-25 18:10:51.151 [info] <0.44.0> Application gettext started on node nonode@nohost
2020-05-25 18:10:51.159 [info] <0.44.0> Application combine started on node nonode@nohost
2020-05-25 18:10:51.162 [info] <0.44.0> Application timex started on node nonode@nohost
2020-05-25 18:10:51.170 [info] <0.44.0> Application cowlib started on node nonode@nohost
2020-05-25 18:10:51.175 [info] <0.44.0> Application cowboy started on node nonode@nohost
2020-05-25 18:10:51.188 [info] <0.44.0> Application connection started on node nonode@nohost
2020-05-25 18:10:51.197 [info] <0.44.0> Application decimal started on node nonode@nohost
2020-05-25 18:10:51.213 [info] <0.44.0> Application db_connection started on node nonode@nohost
2020-05-25 18:10:51.227 [info] <0.44.0> Application postgrex started on node nonode@nohost
2020-05-25 18:10:51.241 [info] <0.44.0> Application eex started on node nonode@nohost
2020-05-25 18:10:51.255 [info] <0.44.0> Application telemetry started on node nonode@nohost
2020-05-25 18:10:51.264 [info] <0.44.0> Application ecto started on node nonode@nohost
2020-05-25 18:10:51.265 [info] <0.44.0> Application ecto_sql started on node nonode@nohost
2020-05-25 18:10:51.382 [info] <0.44.0> Application jose started on node nonode@nohost
2020-05-25 18:10:51.382 [info] <0.44.0> Application joken started on node nonode@nohost
2020-05-25 18:10:51.395 [info] <0.44.0> Application mime started on node nonode@nohost
2020-05-25 18:10:51.398 [info] <0.44.0> Application plug_crypto started on node nonode@nohost
2020-05-25 18:10:51.402 [info] <0.44.0> Application plug started on node nonode@nohost
2020-05-25 18:10:51.405 [info] <0.44.0> Application plug_cowboy started on node nonode@nohost
2020-05-25 18:10:51.406 [info] <0.44.0> Application jsonapi started on node nonode@nohost
2020-05-25 18:10:51.408 [info] <0.44.0> Application guardian started on node nonode@nohost
2020-05-25 18:10:51.472 [info] <0.44.0> Application user started on node nonode@nohost
2020-05-25 18:13:47.389 [info] <0.44.0> Application lager started on node nonode@nohost
2020-05-25 18:13:47.405 [info] <0.44.0> Application xmerl started on node nonode@nohost
2020-05-25 18:13:47.433 [info] <0.44.0> Application sasl started on node nonode@nohost
2020-05-25 18:13:47.446 [info] <0.44.0> Application tools started on node nonode@nohost
2020-05-25 18:13:47.453 [info] <0.44.0> Application jsx started on node nonode@nohost
2020-05-25 18:13:47.467 [info] <0.44.0> Application ranch started on node nonode@nohost
2020-05-25 18:13:47.474 [info] <0.44.0> Application recon started on node nonode@nohost
2020-05-25 18:13:47.610 [info] <0.44.0> Application credentials_obfuscation started on node nonode@nohost
2020-05-25 18:13:47.610 [info] <0.44.0> Application rabbit_common started on node nonode@nohost
2020-05-25 18:13:47.617 [info] <0.44.0> Application amqp_client started on node nonode@nohost
2020-05-25 18:13:47.619 [info] <0.44.0> Application amqp started on node nonode@nohost
2020-05-25 18:13:47.627 [info] <0.44.0> Application poison started on node nonode@nohost
2020-05-25 18:13:47.634 [info] <0.44.0> Application comeonin started on node nonode@nohost
2020-05-25 18:13:47.641 [info] <0.44.0> Application bcrypt_elixir started on node nonode@nohost
2020-05-25 18:13:47.678 [info] <0.44.0> Application unicode_util_compat started on node nonode@nohost
2020-05-25 18:13:47.678 [info] <0.44.0> Application idna started on node nonode@nohost
2020-05-25 18:13:47.688 [info] <0.44.0> Application mimerl started on node nonode@nohost
2020-05-25 18:13:47.695 [info] <0.44.0> Application certifi started on node nonode@nohost
2020-05-25 18:13:47.702 [info] <0.44.0> Application ssl_verify_fun started on node nonode@nohost
2020-05-25 18:13:47.711 [info] <0.44.0> Application metrics started on node nonode@nohost
2020-05-25 18:13:47.725 [info] <0.44.0> Application hackney started on node nonode@nohost
2020-05-25 18:13:47.811 [info] <0.44.0> Application tzdata started on node nonode@nohost
2020-05-25 18:13:47.824 [info] <0.44.0> Application gettext started on node nonode@nohost
2020-05-25 18:13:47.835 [info] <0.44.0> Application combine started on node nonode@nohost
2020-05-25 18:13:47.838 [info] <0.44.0> Application timex started on node nonode@nohost
2020-05-25 18:13:47.846 [info] <0.44.0> Application cowlib started on node nonode@nohost
2020-05-25 18:13:47.851 [info] <0.44.0> Application cowboy started on node nonode@nohost
2020-05-25 18:13:47.864 [info] <0.44.0> Application connection started on node nonode@nohost
2020-05-25 18:13:47.872 [info] <0.44.0> Application decimal started on node nonode@nohost
2020-05-25 18:13:47.887 [info] <0.44.0> Application db_connection started on node nonode@nohost
2020-05-25 18:13:47.903 [info] <0.44.0> Application postgrex started on node nonode@nohost
2020-05-25 18:13:47.917 [info] <0.44.0> Application eex started on node nonode@nohost
2020-05-25 18:13:47.929 [info] <0.44.0> Application telemetry started on node nonode@nohost
2020-05-25 18:13:47.939 [info] <0.44.0> Application ecto started on node nonode@nohost
2020-05-25 18:13:47.940 [info] <0.44.0> Application ecto_sql started on node nonode@nohost
2020-05-25 18:13:48.057 [info] <0.44.0> Application jose started on node nonode@nohost
2020-05-25 18:13:48.057 [info] <0.44.0> Application joken started on node nonode@nohost
2020-05-25 18:13:48.071 [info] <0.44.0> Application mime started on node nonode@nohost
2020-05-25 18:13:48.074 [info] <0.44.0> Application plug_crypto started on node nonode@nohost
2020-05-25 18:13:48.078 [info] <0.44.0> Application plug started on node nonode@nohost
2020-05-25 18:13:48.081 [info] <0.44.0> Application plug_cowboy started on node nonode@nohost
2020-05-25 18:13:48.082 [info] <0.44.0> Application jsonapi started on node nonode@nohost
2020-05-25 18:13:48.083 [info] <0.44.0> Application guardian started on node nonode@nohost
2020-05-25 18:13:48.140 [info] <0.44.0> Application user started on node nonode@nohost
2020-05-26 15:18:10.116 [info] <0.44.0> Application lager started on node nonode@nohost
2020-05-26 15:18:10.161 [info] <0.44.0> Application xmerl started on node nonode@nohost
2020-05-26 15:18:10.214 [info] <0.44.0> Application sasl started on node nonode@nohost
2020-05-26 15:18:10.237 [info] <0.44.0> Application tools started on node nonode@nohost
2020-05-26 15:18:10.251 [info] <0.44.0> Application jsx started on node nonode@nohost
2020-05-26 15:18:10.298 [info] <0.44.0> Application ranch started on node nonode@nohost
2020-05-26 15:18:10.311 [info] <0.44.0> Application recon started on node nonode@nohost
2020-05-26 15:18:10.604 [info] <0.44.0> Application credentials_obfuscation started on node nonode@nohost
2020-05-26 15:18:10.604 [info] <0.44.0> Application rabbit_common started on node nonode@nohost
2020-05-26 15:18:10.651 [info] <0.44.0> Application amqp_client started on node nonode@nohost
2020-05-26 15:18:10.655 [info] <0.44.0> Application amqp started on node nonode@nohost
2020-05-26 15:18:10.669 [info] <0.44.0> Application poison started on node nonode@nohost
2020-05-26 15:18:10.682 [info] <0.44.0> Application comeonin started on node nonode@nohost
2020-05-26 15:18:10.694 [info] <0.44.0> Application bcrypt_elixir started on node nonode@nohost
2020-05-26 15:18:10.762 [info] <0.44.0> Application unicode_util_compat started on node nonode@nohost
2020-05-26 15:18:10.763 [info] <0.44.0> Application idna started on node nonode@nohost
2020-05-26 15:18:10.780 [info] <0.44.0> Application mimerl started on node nonode@nohost
2020-05-26 15:18:10.797 [info] <0.44.0> Application certifi started on node nonode@nohost
2020-05-26 15:18:10.810 [info] <0.44.0> Application ssl_verify_fun started on node nonode@nohost
2020-05-26 15:18:10.829 [info] <0.44.0> Application metrics started on node nonode@nohost
2020-05-26 15:18:10.921 [info] <0.44.0> Application hackney started on node nonode@nohost
2020-05-26 15:18:11.147 [info] <0.44.0> Application tzdata started on node nonode@nohost
2020-05-26 15:18:11.172 [info] <0.44.0> Application gettext started on node nonode@nohost
2020-05-26 15:18:11.185 [info] <0.44.0> Application combine started on node nonode@nohost
2020-05-26 15:18:11.190 [info] <0.44.0> Application timex started on node nonode@nohost
2020-05-26 15:18:11.206 [info] <0.44.0> Application cowlib started on node nonode@nohost
2020-05-26 15:18:11.238 [info] <0.44.0> Application cowboy started on node nonode@nohost
2020-05-26 15:18:11.261 [info] <0.44.0> Application connection started on node nonode@nohost
2020-05-26 15:18:11.276 [info] <0.44.0> Application decimal started on node nonode@nohost
2020-05-26 15:18:11.305 [info] <0.44.0> Application db_connection started on node nonode@nohost
2020-05-26 15:18:11.332 [info] <0.44.0> Application postgrex started on node nonode@nohost
2020-05-26 15:18:11.359 [info] <0.44.0> Application eex started on node nonode@nohost
2020-05-26 15:18:11.407 [info] <0.44.0> Application telemetry started on node nonode@nohost
2020-05-26 15:18:11.422 [info] <0.44.0> Application ecto started on node nonode@nohost
2020-05-26 15:18:11.425 [info] <0.44.0> Application ecto_sql started on node nonode@nohost
2020-05-26 15:18:11.670 [info] <0.44.0> Application jose started on node nonode@nohost
2020-05-26 15:18:11.670 [info] <0.44.0> Application joken started on node nonode@nohost
2020-05-26 15:18:11.693 [info] <0.44.0> Application mime started on node nonode@nohost
2020-05-26 15:18:11.699 [info] <0.44.0> Application plug_crypto started on node nonode@nohost
2020-05-26 15:18:11.705 [info] <0.44.0> Application plug started on node nonode@nohost
2020-05-26 15:18:11.710 [info] <0.44.0> Application plug_cowboy started on node nonode@nohost
2020-05-26 15:18:11.712 [info] <0.44.0> Application jsonapi started on node nonode@nohost
2020-05-26 15:18:11.714 [info] <0.44.0> Application guardian started on node nonode@nohost
2020-05-26 15:18:11.877 [info] <0.44.0> Application user started on node nonode@nohost
2020-05-26 15:18:14.910 [error] <0.662.0> CRASH REPORT Process <0.662.0> with 0 neighbours exited with reason: {{#{'__exception__' => true,'__struct__' => 'Elixir.DBConnection.ConnectionError',message => <<"connection not available and request was dropped from queue after 2703ms. This means requests are coming in and your connection pool cannot serve them fast enough. You can address this by:\n\n  1. By tracking down slow queries and making sure they are running fast enough\n  2. Increasing the pool_size (albeit it increases resource consumption)\n  3. Allow requests to wait longer by increasing :queue_...">>,...},...},...} in 'Elixir.Plug.Cowboy.Handler':exit_on_error/4 line 68 in 'Elixir.Plug.Cowboy.Handler':exit_on_error/4 line 68
2020-05-26 15:18:14.958 [error] <0.662.0> Cowboy stream 1 with ranch listener 'Elixir.User.Plug.Router.HTTP' and connection process <0.661.0> had its request process exit with reason: {{#{'__exception__' => true,'__struct__' => 'Elixir.DBConnection.ConnectionError',message => <<"connection not available and request was dropped from queue after 2703ms. This means requests are coming in and your connection pool cannot serve them fast enough. You can address this by:\n\n  1. By tracking down slow queries and making sure they are running fast enough\n  2. Increasing the pool_size (albeit it increases resource consumption)\n  3. Allow requests to wait longer by increasing :queue_...">>,...},...},...} in 'Elixir.Plug.Cowboy.Handler':exit_on_error/4 line 68
2020-05-26 15:18:37.353 [info] <0.44.0> Application lager started on node nonode@nohost
2020-05-26 15:18:37.382 [info] <0.44.0> Application xmerl started on node nonode@nohost
2020-05-26 15:18:37.436 [info] <0.44.0> Application sasl started on node nonode@nohost
2020-05-26 15:18:37.463 [info] <0.44.0> Application tools started on node nonode@nohost
2020-05-26 15:18:37.476 [info] <0.44.0> Application jsx started on node nonode@nohost
2020-05-26 15:18:37.502 [info] <0.44.0> Application ranch started on node nonode@nohost
2020-05-26 15:18:37.517 [info] <0.44.0> Application recon started on node nonode@nohost
2020-05-26 15:18:37.810 [info] <0.44.0> Application credentials_obfuscation started on node nonode@nohost
2020-05-26 15:18:37.810 [info] <0.44.0> Application rabbit_common started on node nonode@nohost
2020-05-26 15:18:37.822 [info] <0.44.0> Application amqp_client started on node nonode@nohost
2020-05-26 15:18:37.827 [info] <0.44.0> Application amqp started on node nonode@nohost
2020-05-26 15:18:37.841 [info] <0.44.0> Application poison started on node nonode@nohost
2020-05-26 15:18:37.856 [info] <0.44.0> Application comeonin started on node nonode@nohost
2020-05-26 15:18:37.869 [info] <0.44.0> Application bcrypt_elixir started on node nonode@nohost
2020-05-26 15:18:37.937 [info] <0.44.0> Application unicode_util_compat started on node nonode@nohost
2020-05-26 15:18:37.937 [info] <0.44.0> Application idna started on node nonode@nohost
2020-05-26 15:18:37.955 [info] <0.44.0> Application mimerl started on node nonode@nohost
2020-05-26 15:18:37.972 [info] <0.44.0> Application certifi started on node nonode@nohost
2020-05-26 15:18:37.985 [info] <0.44.0> Application ssl_verify_fun started on node nonode@nohost
2020-05-26 15:18:38.002 [info] <0.44.0> Application metrics started on node nonode@nohost
2020-05-26 15:18:38.029 [info] <0.44.0> Application hackney started on node nonode@nohost
2020-05-26 15:18:38.180 [info] <0.44.0> Application tzdata started on node nonode@nohost
2020-05-26 15:18:38.207 [info] <0.44.0> Application gettext started on node nonode@nohost
2020-05-26 15:18:38.221 [info] <0.44.0> Application combine started on node nonode@nohost
2020-05-26 15:18:38.226 [info] <0.44.0> Application timex started on node nonode@nohost
2020-05-26 15:18:38.241 [info] <0.44.0> Application cowlib started on node nonode@nohost
2020-05-26 15:18:38.248 [info] <0.44.0> Application cowboy started on node nonode@nohost
2020-05-26 15:18:38.273 [info] <0.44.0> Application connection started on node nonode@nohost
2020-05-26 15:18:38.287 [info] <0.44.0> Application decimal started on node nonode@nohost
2020-05-26 15:18:38.312 [info] <0.44.0> Application db_connection started on node nonode@nohost
2020-05-26 15:18:38.337 [info] <0.44.0> Application postgrex started on node nonode@nohost
2020-05-26 15:18:38.362 [info] <0.44.0> Application eex started on node nonode@nohost
2020-05-26 15:18:38.385 [info] <0.44.0> Application telemetry started on node nonode@nohost
2020-05-26 15:18:38.400 [info] <0.44.0> Application ecto started on node nonode@nohost
2020-05-26 15:18:38.402 [info] <0.44.0> Application ecto_sql started on node nonode@nohost
2020-05-26 15:18:38.577 [info] <0.44.0> Application jose started on node nonode@nohost
2020-05-26 15:18:38.577 [info] <0.44.0> Application joken started on node nonode@nohost
2020-05-26 15:18:38.600 [info] <0.44.0> Application mime started on node nonode@nohost
2020-05-26 15:18:38.605 [info] <0.44.0> Application plug_crypto started on node nonode@nohost
2020-05-26 15:18:38.610 [info] <0.44.0> Application plug started on node nonode@nohost
2020-05-26 15:18:38.615 [info] <0.44.0> Application plug_cowboy started on node nonode@nohost
2020-05-26 15:18:38.618 [info] <0.44.0> Application jsonapi started on node nonode@nohost
2020-05-26 15:18:38.620 [info] <0.44.0> Application guardian started on node nonode@nohost
2020-05-26 15:18:38.709 [info] <0.44.0> Application user started on node nonode@nohost
2020-05-26 15:18:41.711 [error] <0.663.0> CRASH REPORT Process <0.663.0> with 0 neighbours exited with reason: {{#{'__exception__' => true,'__struct__' => 'Elixir.DBConnection.ConnectionError',message => <<"connection not available and request was dropped from queue after 2016ms. This means requests are coming in and your connection pool cannot serve them fast enough. You can address this by:\n\n  1. By tracking down slow queries and making sure they are running fast enough\n  2. Increasing the pool_size (albeit it increases resource consumption)\n  3. Allow requests to wait longer by increasing :queue_...">>,...},...},...} in 'Elixir.Plug.Cowboy.Handler':exit_on_error/4 line 68 in 'Elixir.Plug.Cowboy.Handler':exit_on_error/4 line 68
2020-05-26 15:18:41.720 [error] <0.663.0> Cowboy stream 1 with ranch listener 'Elixir.User.Plug.Router.HTTP' and connection process <0.662.0> had its request process exit with reason: {{#{'__exception__' => true,'__struct__' => 'Elixir.DBConnection.ConnectionError',message => <<"connection not available and request was dropped from queue after 2016ms. This means requests are coming in and your connection pool cannot serve them fast enough. You can address this by:\n\n  1. By tracking down slow queries and making sure they are running fast enough\n  2. Increasing the pool_size (albeit it increases resource consumption)\n  3. Allow requests to wait longer by increasing :queue_...">>,...},...},...} in 'Elixir.Plug.Cowboy.Handler':exit_on_error/4 line 68
2020-05-26 15:18:56.134 [info] <0.44.0> Application lager started on node nonode@nohost
2020-05-26 15:18:56.162 [info] <0.44.0> Application xmerl started on node nonode@nohost
2020-05-26 15:18:56.211 [info] <0.44.0> Application sasl started on node nonode@nohost
2020-05-26 15:18:56.233 [info] <0.44.0> Application tools started on node nonode@nohost
2020-05-26 15:18:56.246 [info] <0.44.0> Application jsx started on node nonode@nohost
2020-05-26 15:18:56.271 [info] <0.44.0> Application ranch started on node nonode@nohost
2020-05-26 15:18:56.283 [info] <0.44.0> Application recon started on node nonode@nohost
2020-05-26 15:18:56.552 [info] <0.44.0> Application credentials_obfuscation started on node nonode@nohost
2020-05-26 15:18:56.552 [info] <0.44.0> Application rabbit_common started on node nonode@nohost
2020-05-26 15:18:56.564 [info] <0.44.0> Application amqp_client started on node nonode@nohost
2020-05-26 15:18:56.568 [info] <0.44.0> Application amqp started on node nonode@nohost
2020-05-26 15:18:56.581 [info] <0.44.0> Application poison started on node nonode@nohost
2020-05-26 15:18:56.594 [info] <0.44.0> Application comeonin started on node nonode@nohost
2020-05-26 15:18:56.606 [info] <0.44.0> Application bcrypt_elixir started on node nonode@nohost
2020-05-26 15:18:56.670 [info] <0.44.0> Application unicode_util_compat started on node nonode@nohost
2020-05-26 15:18:56.670 [info] <0.44.0> Application idna started on node nonode@nohost
2020-05-26 15:18:56.687 [info] <0.44.0> Application mimerl started on node nonode@nohost
2020-05-26 15:18:56.699 [info] <0.44.0> Application certifi started on node nonode@nohost
2020-05-26 15:18:56.717 [info] <0.44.0> Application ssl_verify_fun started on node nonode@nohost
2020-05-26 15:18:56.736 [info] <0.44.0> Application metrics started on node nonode@nohost
2020-05-26 15:18:56.767 [info] <0.44.0> Application hackney started on node nonode@nohost
2020-05-26 15:18:56.923 [info] <0.44.0> Application tzdata started on node nonode@nohost
2020-05-26 15:18:56.946 [info] <0.44.0> Application gettext started on node nonode@nohost
2020-05-26 15:18:56.959 [info] <0.44.0> Application combine started on node nonode@nohost
2020-05-26 15:18:56.964 [info] <0.44.0> Application timex started on node nonode@nohost
2020-05-26 15:18:56.980 [info] <0.44.0> Application cowlib started on node nonode@nohost
2020-05-26 15:18:56.988 [info] <0.44.0> Application cowboy started on node nonode@nohost
2020-05-26 15:18:57.011 [info] <0.44.0> Application connection started on node nonode@nohost
2020-05-26 15:18:57.025 [info] <0.44.0> Application decimal started on node nonode@nohost
2020-05-26 15:18:57.052 [info] <0.44.0> Application db_connection started on node nonode@nohost
2020-05-26 15:18:57.079 [info] <0.44.0> Application postgrex started on node nonode@nohost
2020-05-26 15:18:57.103 [info] <0.44.0> Application eex started on node nonode@nohost
2020-05-26 15:18:57.127 [info] <0.44.0> Application telemetry started on node nonode@nohost
2020-05-26 15:18:57.143 [info] <0.44.0> Application ecto started on node nonode@nohost
2020-05-26 15:18:57.146 [info] <0.44.0> Application ecto_sql started on node nonode@nohost
2020-05-26 15:18:57.344 [info] <0.44.0> Application jose started on node nonode@nohost
2020-05-26 15:18:57.344 [info] <0.44.0> Application joken started on node nonode@nohost
2020-05-26 15:18:57.366 [info] <0.44.0> Application mime started on node nonode@nohost
2020-05-26 15:18:57.371 [info] <0.44.0> Application plug_crypto started on node nonode@nohost
2020-05-26 15:18:57.376 [info] <0.44.0> Application plug started on node nonode@nohost
2020-05-26 15:18:57.380 [info] <0.44.0> Application plug_cowboy started on node nonode@nohost
2020-05-26 15:18:57.383 [info] <0.44.0> Application jsonapi started on node nonode@nohost
2020-05-26 15:18:57.385 [info] <0.44.0> Application guardian started on node nonode@nohost
2020-05-26 15:18:57.472 [info] <0.44.0> Application user started on node nonode@nohost
2020-05-26 19:03:31.965 [info] <0.44.0> Application lager started on node nonode@nohost
2020-05-26 19:03:32.059 [info] <0.44.0> Application xmerl started on node nonode@nohost
2020-05-26 19:03:32.192 [info] <0.44.0> Application sasl started on node nonode@nohost
2020-05-26 19:03:32.239 [info] <0.44.0> Application tools started on node nonode@nohost
2020-05-26 19:03:32.257 [info] <0.44.0> Application jsx started on node nonode@nohost
2020-05-26 19:03:32.326 [info] <0.44.0> Application ranch started on node nonode@nohost
2020-05-26 19:03:32.346 [info] <0.44.0> Application recon started on node nonode@nohost
2020-05-26 19:03:32.836 [info] <0.44.0> Application credentials_obfuscation started on node nonode@nohost
2020-05-26 19:03:32.837 [info] <0.44.0> Application rabbit_common started on node nonode@nohost
2020-05-26 19:03:32.907 [info] <0.44.0> Application amqp_client started on node nonode@nohost
2020-05-26 19:03:32.912 [info] <0.44.0> Application amqp started on node nonode@nohost
2020-05-26 19:03:32.927 [info] <0.44.0> Application poison started on node nonode@nohost
2020-05-26 19:03:32.940 [info] <0.44.0> Application comeonin started on node nonode@nohost
2020-05-26 19:03:32.953 [info] <0.44.0> Application bcrypt_elixir started on node nonode@nohost
2020-05-26 19:03:33.029 [info] <0.44.0> Application unicode_util_compat started on node nonode@nohost
2020-05-26 19:03:33.029 [info] <0.44.0> Application idna started on node nonode@nohost
2020-05-26 19:03:33.049 [info] <0.44.0> Application mimerl started on node nonode@nohost
2020-05-26 19:03:33.063 [info] <0.44.0> Application certifi started on node nonode@nohost
2020-05-26 19:03:33.076 [info] <0.44.0> Application ssl_verify_fun started on node nonode@nohost
2020-05-26 19:03:33.094 [info] <0.44.0> Application metrics started on node nonode@nohost
2020-05-26 19:03:33.181 [info] <0.44.0> Application hackney started on node nonode@nohost
2020-05-26 19:03:33.386 [info] <0.44.0> Application tzdata started on node nonode@nohost
2020-05-26 19:03:33.418 [info] <0.44.0> Application gettext started on node nonode@nohost
2020-05-26 19:03:33.432 [info] <0.44.0> Application combine started on node nonode@nohost
2020-05-26 19:03:33.437 [info] <0.44.0> Application timex started on node nonode@nohost
2020-05-26 19:03:33.457 [info] <0.44.0> Application cowlib started on node nonode@nohost
2020-05-26 19:03:33.490 [info] <0.44.0> Application cowboy started on node nonode@nohost
2020-05-26 19:03:33.519 [info] <0.44.0> Application connection started on node nonode@nohost
2020-05-26 19:03:33.536 [info] <0.44.0> Application decimal started on node nonode@nohost
2020-05-26 19:03:33.564 [info] <0.44.0> Application db_connection started on node nonode@nohost
2020-05-26 19:03:33.593 [info] <0.44.0> Application postgrex started on node nonode@nohost
2020-05-26 19:03:33.631 [info] <0.44.0> Application eex started on node nonode@nohost
2020-05-26 19:03:33.702 [info] <0.44.0> Application telemetry started on node nonode@nohost
2020-05-26 19:03:33.728 [info] <0.44.0> Application ecto started on node nonode@nohost
2020-05-26 19:03:33.731 [info] <0.44.0> Application ecto_sql started on node nonode@nohost
2020-05-26 19:03:34.167 [info] <0.44.0> Application jose started on node nonode@nohost
2020-05-26 19:03:34.168 [info] <0.44.0> Application joken started on node nonode@nohost
2020-05-26 19:03:34.207 [info] <0.44.0> Application mime started on node nonode@nohost
2020-05-26 19:03:34.216 [info] <0.44.0> Application plug_crypto started on node nonode@nohost
2020-05-26 19:03:34.223 [info] <0.44.0> Application plug started on node nonode@nohost
2020-05-26 19:03:34.232 [info] <0.44.0> Application plug_cowboy started on node nonode@nohost
2020-05-26 19:03:34.236 [info] <0.44.0> Application jsonapi started on node nonode@nohost
2020-05-26 19:03:34.240 [info] <0.44.0> Application guardian started on node nonode@nohost
2020-05-26 19:03:34.514 [info] <0.44.0> Application user started on node nonode@nohost
2020-05-26 19:07:12.829 [error] <0.665.0> CRASH REPORT Process <0.665.0> with 0 neighbours exited with reason: {{#{'__exception__' => true,'__struct__' => 'Elixir.MatchError',term => {error,{auth_failure,"ACCESS_REFUSED - Login was refused using authentication mechanism PLAIN. For details see the broker logfile."}}},[{'Elixir.User.Plug.RabbitmqProducer',send_message,1,[{file,"lib/user/plug/rabbitmq_producer.ex"},{line,9}]},{'Elixir.User.Plug.AuthController','-do_match/4-fun-1-',2,[{file,"lib/user/plug/auth_controller.ex"},{line,17}]},{'Elixir.User.Plug.AuthController',dispatch,2,[{file,"lib/plug/ro..."},...]},...]},...} in 'Elixir.Plug.Cowboy.Handler':exit_on_error/4 line 68 in 'Elixir.Plug.Cowboy.Handler':exit_on_error/4 line 68
2020-05-26 19:07:12.857 [error] <0.665.0> Cowboy stream 1 with ranch listener 'Elixir.User.Plug.Router.HTTP' and connection process <0.664.0> had its request process exit with reason: {{#{'__exception__' => true,'__struct__' => 'Elixir.MatchError',term => {error,{auth_failure,"ACCESS_REFUSED - Login was refused using authentication mechanism PLAIN. For details see the broker logfile."}}},[{'Elixir.User.Plug.RabbitmqProducer',send_message,1,[{file,"lib/user/plug/rabbitmq_producer.ex"},{line,9}]},{'Elixir.User.Plug.AuthController','-do_match/4-fun-1-',2,[{file,"lib/user/plug/auth_controller.ex"},{line,17}]},{'Elixir.User.Plug.AuthController',dispatch,2,[{file,"lib/plug/ro..."},...]},...]},...} in 'Elixir.Plug.Cowboy.Handler':exit_on_error/4 line 68
2020-05-26 19:07:58.160 [error] <0.676.0> CRASH REPORT Process <0.676.0> with 0 neighbours exited with reason: {{#{'__exception__' => true,'__struct__' => 'Elixir.MatchError',term => {error,{auth_failure,"ACCESS_REFUSED - Login was refused using authentication mechanism PLAIN. For details see the broker logfile."}}},[{'Elixir.User.Plug.RabbitmqProducer',send_message,1,[{file,"lib/user/plug/rabbitmq_producer.ex"},{line,9}]},{'Elixir.User.Plug.AuthController','-do_match/4-fun-1-',2,[{file,"lib/user/plug/auth_controller.ex"},{line,17}]},{'Elixir.User.Plug.AuthController',dispatch,2,[{file,"lib/plug/ro..."},...]},...]},...} in 'Elixir.Plug.Cowboy.Handler':exit_on_error/4 line 68 in 'Elixir.Plug.Cowboy.Handler':exit_on_error/4 line 68
2020-05-26 19:07:58.161 [error] <0.676.0> Cowboy stream 1 with ranch listener 'Elixir.User.Plug.Router.HTTP' and connection process <0.675.0> had its request process exit with reason: {{#{'__exception__' => true,'__struct__' => 'Elixir.MatchError',term => {error,{auth_failure,"ACCESS_REFUSED - Login was refused using authentication mechanism PLAIN. For details see the broker logfile."}}},[{'Elixir.User.Plug.RabbitmqProducer',send_message,1,[{file,"lib/user/plug/rabbitmq_producer.ex"},{line,9}]},{'Elixir.User.Plug.AuthController','-do_match/4-fun-1-',2,[{file,"lib/user/plug/auth_controller.ex"},{line,17}]},{'Elixir.User.Plug.AuthController',dispatch,2,[{file,"lib/plug/ro..."},...]},...]},...} in 'Elixir.Plug.Cowboy.Handler':exit_on_error/4 line 68
2020-05-26 19:08:24.477 [info] <0.44.0> Application lager started on node nonode@nohost
2020-05-26 19:08:24.505 [info] <0.44.0> Application xmerl started on node nonode@nohost
2020-05-26 19:08:24.555 [info] <0.44.0> Application sasl started on node nonode@nohost
2020-05-26 19:08:24.578 [info] <0.44.0> Application tools started on node nonode@nohost
2020-05-26 19:08:24.591 [info] <0.44.0> Application jsx started on node nonode@nohost
2020-05-26 19:08:24.614 [info] <0.44.0> Application ranch started on node nonode@nohost
2020-05-26 19:08:24.626 [info] <0.44.0> Application recon started on node nonode@nohost
2020-05-26 19:08:24.901 [info] <0.44.0> Application credentials_obfuscation started on node nonode@nohost
2020-05-26 19:08:24.902 [info] <0.44.0> Application rabbit_common started on node nonode@nohost
2020-05-26 19:08:24.914 [info] <0.44.0> Application amqp_client started on node nonode@nohost
2020-05-26 19:08:24.918 [info] <0.44.0> Application amqp started on node nonode@nohost
2020-05-26 19:08:24.931 [info] <0.44.0> Application poison started on node nonode@nohost
2020-05-26 19:08:24.944 [info] <0.44.0> Application comeonin started on node nonode@nohost
2020-05-26 19:08:24.957 [info] <0.44.0> Application bcrypt_elixir started on node nonode@nohost
2020-05-26 19:08:25.032 [info] <0.44.0> Application unicode_util_compat started on node nonode@nohost
2020-05-26 19:08:25.032 [info] <0.44.0> Application idna started on node nonode@nohost
2020-05-26 19:08:25.048 [info] <0.44.0> Application mimerl started on node nonode@nohost
2020-05-26 19:08:25.060 [info] <0.44.0> Application certifi started on node nonode@nohost
2020-05-26 19:08:25.073 [info] <0.44.0> Application ssl_verify_fun started on node nonode@nohost
2020-05-26 19:08:25.090 [info] <0.44.0> Application metrics started on node nonode@nohost
2020-05-26 19:08:25.115 [info] <0.44.0> Application hackney started on node nonode@nohost
2020-05-26 19:08:25.266 [info] <0.44.0> Application tzdata started on node nonode@nohost
2020-05-26 19:08:25.290 [info] <0.44.0> Application gettext started on node nonode@nohost
2020-05-26 19:08:25.302 [info] <0.44.0> Application combine started on node nonode@nohost
2020-05-26 19:08:25.306 [info] <0.44.0> Application timex started on node nonode@nohost
2020-05-26 19:08:25.323 [info] <0.44.0> Application cowlib started on node nonode@nohost
2020-05-26 19:08:25.332 [info] <0.44.0> Application cowboy started on node nonode@nohost
2020-05-26 19:08:25.356 [info] <0.44.0> Application connection started on node nonode@nohost
2020-05-26 19:08:25.371 [info] <0.44.0> Application decimal started on node nonode@nohost
2020-05-26 19:08:25.404 [info] <0.44.0> Application db_connection started on node nonode@nohost
2020-05-26 19:08:25.435 [info] <0.44.0> Application postgrex started on node nonode@nohost
2020-05-26 19:08:25.467 [info] <0.44.0> Application eex started on node nonode@nohost
2020-05-26 19:08:25.494 [info] <0.44.0> Application telemetry started on node nonode@nohost
2020-05-26 19:08:25.513 [info] <0.44.0> Application ecto started on node nonode@nohost
2020-05-26 19:08:25.516 [info] <0.44.0> Application ecto_sql started on node nonode@nohost
2020-05-26 19:08:25.739 [info] <0.44.0> Application jose started on node nonode@nohost
2020-05-26 19:08:25.739 [info] <0.44.0> Application joken started on node nonode@nohost
2020-05-26 19:08:25.775 [info] <0.44.0> Application mime started on node nonode@nohost
2020-05-26 19:08:25.786 [info] <0.44.0> Application plug_crypto started on node nonode@nohost
2020-05-26 19:08:25.794 [info] <0.44.0> Application plug started on node nonode@nohost
2020-05-26 19:08:25.802 [info] <0.44.0> Application plug_cowboy started on node nonode@nohost
2020-05-26 19:08:25.805 [info] <0.44.0> Application jsonapi started on node nonode@nohost
2020-05-26 19:08:25.808 [info] <0.44.0> Application guardian started on node nonode@nohost
2020-05-26 19:08:25.974 [info] <0.44.0> Application user started on node nonode@nohost
2020-05-26 19:08:44.261 [info] <0.44.0> Application lager started on node nonode@nohost
2020-05-26 19:08:44.291 [info] <0.44.0> Application xmerl started on node nonode@nohost
2020-05-26 19:08:44.346 [info] <0.44.0> Application sasl started on node nonode@nohost
2020-05-26 19:08:44.369 [info] <0.44.0> Application tools started on node nonode@nohost
2020-05-26 19:08:44.383 [info] <0.44.0> Application jsx started on node nonode@nohost
2020-05-26 19:08:44.410 [info] <0.44.0> Application ranch started on node nonode@nohost
2020-05-26 19:08:44.425 [info] <0.44.0> Application recon started on node nonode@nohost
2020-05-26 19:08:44.701 [info] <0.44.0> Application credentials_obfuscation started on node nonode@nohost
2020-05-26 19:08:44.701 [info] <0.44.0> Application rabbit_common started on node nonode@nohost
2020-05-26 19:08:44.714 [info] <0.44.0> Application amqp_client started on node nonode@nohost
2020-05-26 19:08:44.720 [info] <0.44.0> Application amqp started on node nonode@nohost
2020-05-26 19:08:44.733 [info] <0.44.0> Application poison started on node nonode@nohost
2020-05-26 19:08:44.746 [info] <0.44.0> Application comeonin started on node nonode@nohost
2020-05-26 19:08:44.760 [info] <0.44.0> Application bcrypt_elixir started on node nonode@nohost
2020-05-26 19:08:44.832 [info] <0.44.0> Application unicode_util_compat started on node nonode@nohost
2020-05-26 19:08:44.832 [info] <0.44.0> Application idna started on node nonode@nohost
2020-05-26 19:08:44.848 [info] <0.44.0> Application mimerl started on node nonode@nohost
2020-05-26 19:08:44.862 [info] <0.44.0> Application certifi started on node nonode@nohost
2020-05-26 19:08:44.876 [info] <0.44.0> Application ssl_verify_fun started on node nonode@nohost
2020-05-26 19:08:44.893 [info] <0.44.0> Application metrics started on node nonode@nohost
2020-05-26 19:08:44.927 [info] <0.44.0> Application hackney started on node nonode@nohost
2020-05-26 19:08:45.142 [info] <0.44.0> Application tzdata started on node nonode@nohost
2020-05-26 19:08:45.171 [info] <0.44.0> Application gettext started on node nonode@nohost
2020-05-26 19:08:45.184 [info] <0.44.0> Application combine started on node nonode@nohost
2020-05-26 19:08:45.189 [info] <0.44.0> Application timex started on node nonode@nohost
2020-05-26 19:08:45.206 [info] <0.44.0> Application cowlib started on node nonode@nohost
2020-05-26 19:08:45.216 [info] <0.44.0> Application cowboy started on node nonode@nohost
2020-05-26 19:08:45.245 [info] <0.44.0> Application connection started on node nonode@nohost
2020-05-26 19:08:45.260 [info] <0.44.0> Application decimal started on node nonode@nohost
2020-05-26 19:08:45.297 [info] <0.44.0> Application db_connection started on node nonode@nohost
2020-05-26 19:08:45.332 [info] <0.44.0> Application postgrex started on node nonode@nohost
2020-05-26 19:08:45.359 [info] <0.44.0> Application eex started on node nonode@nohost
2020-05-26 19:08:45.389 [info] <0.44.0> Application telemetry started on node nonode@nohost
2020-05-26 19:08:45.407 [info] <0.44.0> Application ecto started on node nonode@nohost
2020-05-26 19:08:45.409 [info] <0.44.0> Application ecto_sql started on node nonode@nohost
2020-05-26 19:08:45.651 [info] <0.44.0> Application jose started on node nonode@nohost
2020-05-26 19:08:45.651 [info] <0.44.0> Application joken started on node nonode@nohost
2020-05-26 19:08:45.677 [info] <0.44.0> Application mime started on node nonode@nohost
2020-05-26 19:08:45.684 [info] <0.44.0> Application plug_crypto started on node nonode@nohost
2020-05-26 19:08:45.688 [info] <0.44.0> Application plug started on node nonode@nohost
2020-05-26 19:08:45.692 [info] <0.44.0> Application plug_cowboy started on node nonode@nohost
2020-05-26 19:08:45.695 [info] <0.44.0> Application jsonapi started on node nonode@nohost
2020-05-26 19:08:45.698 [info] <0.44.0> Application guardian started on node nonode@nohost
2020-05-26 19:08:45.805 [info] <0.44.0> Application user started on node nonode@nohost
